{"/home/erick/Developer/Elevated Tasks/src/Code.js": {"path":"/home/erick/Developer/Elevated Tasks/src/Code.js","statementMap":{},"fnMap":{},"branchMap":{},"s":{},"f":{},"b":{}}
,"/home/erick/Developer/Elevated Tasks/src/user_interface.js": {"path":"/home/erick/Developer/Elevated Tasks/src/user_interface.js","statementMap":{"0":{"start":{"line":12,"column":18},"end":{"line":12,"column":46}},"1":{"start":{"line":14,"column":2},"end":{"line":16,"column":43}},"2":{"start":{"line":21,"column":25},"end":{"line":21,"column":53}},"3":{"start":{"line":24,"column":20},"end":{"line":24,"column":157}},"4":{"start":{"line":25,"column":2},"end":{"line":31,"column":49}},"5":{"start":{"line":34,"column":21},"end":{"line":34,"column":23}},"6":{"start":{"line":35,"column":2},"end":{"line":38,"column":3}},"7":{"start":{"line":37,"column":4},"end":{"line":37,"column":41}},"8":{"start":{"line":40,"column":2},"end":{"line":43,"column":29}},"9":{"start":{"line":46,"column":19},"end":{"line":46,"column":40}},"10":{"start":{"line":47,"column":26},"end":{"line":51,"column":46}},"11":{"start":{"line":53,"column":2},"end":{"line":55,"column":5}},"12":{"start":{"line":54,"column":4},"end":{"line":54,"column":49}},"13":{"start":{"line":56,"column":2},"end":{"line":56,"column":44}},"14":{"start":{"line":58,"column":2},"end":{"line":61,"column":88}},"15":{"start":{"line":63,"column":2},"end":{"line":63,"column":37}},"16":{"start":{"line":70,"column":16},"end":{"line":70,"column":34}},"17":{"start":{"line":73,"column":26},"end":{"line":73,"column":28}},"18":{"start":{"line":74,"column":2},"end":{"line":79,"column":5}},"19":{"start":{"line":76,"column":24},"end":{"line":76,"column":97}},"20":{"start":{"line":77,"column":4},"end":{"line":77,"column":73}},"21":{"start":{"line":77,"column":39},"end":{"line":77,"column":73}},"22":{"start":{"line":78,"column":4},"end":{"line":78,"column":44}},"23":{"start":{"line":81,"column":29},"end":{"line":81,"column":64}},"24":{"start":{"line":83,"column":2},"end":{"line":87,"column":3}},"25":{"start":{"line":84,"column":4},"end":{"line":85,"column":93}},"26":{"start":{"line":86,"column":4},"end":{"line":86,"column":27}},"27":{"start":{"line":90,"column":2},"end":{"line":99,"column":5}},"28":{"start":{"line":91,"column":27},"end":{"line":91,"column":86}},"29":{"start":{"line":92,"column":27},"end":{"line":92,"column":55}},"30":{"start":{"line":94,"column":4},"end":{"line":96,"column":7}},"31":{"start":{"line":95,"column":6},"end":{"line":95,"column":58}},"32":{"start":{"line":98,"column":4},"end":{"line":98,"column":39}},"33":{"start":{"line":101,"column":2},"end":{"line":101,"column":25}},"34":{"start":{"line":108,"column":17},"end":{"line":108,"column":36}},"35":{"start":{"line":110,"column":2},"end":{"line":115,"column":3}},"36":{"start":{"line":111,"column":4},"end":{"line":114,"column":15}},"37":{"start":{"line":118,"column":19},"end":{"line":118,"column":37}},"38":{"start":{"line":119,"column":15},"end":{"line":119,"column":50}},"39":{"start":{"line":119,"column":34},"end":{"line":119,"column":49}},"40":{"start":{"line":120,"column":22},"end":{"line":120,"column":43}},"41":{"start":{"line":122,"column":2},"end":{"line":127,"column":3}},"42":{"start":{"line":123,"column":4},"end":{"line":126,"column":15}},"43":{"start":{"line":130,"column":19},"end":{"line":130,"column":21}},"44":{"start":{"line":131,"column":2},"end":{"line":136,"column":3}},"45":{"start":{"line":132,"column":27},"end":{"line":132,"column":46}},"46":{"start":{"line":133,"column":4},"end":{"line":133,"column":50}},"47":{"start":{"line":133,"column":41},"end":{"line":133,"column":48}},"48":{"start":{"line":135,"column":4},"end":{"line":135,"column":66}},"49":{"start":{"line":138,"column":27},"end":{"line":138,"column":61}},"50":{"start":{"line":139,"column":24},"end":{"line":139,"column":78}},"51":{"start":{"line":142,"column":2},"end":{"line":145,"column":33}},"52":{"start":{"line":147,"column":2},"end":{"line":151,"column":39}},"53":{"start":{"line":154,"column":26},"end":{"line":158,"column":58}},"54":{"start":{"line":160,"column":2},"end":{"line":162,"column":5}},"55":{"start":{"line":161,"column":4},"end":{"line":161,"column":77}},"56":{"start":{"line":163,"column":2},"end":{"line":163,"column":43}},"57":{"start":{"line":166,"column":24},"end":{"line":169,"column":48}},"58":{"start":{"line":171,"column":2},"end":{"line":173,"column":3}},"59":{"start":{"line":172,"column":4},"end":{"line":172,"column":90}},"60":{"start":{"line":174,"column":2},"end":{"line":174,"column":41}},"61":{"start":{"line":177,"column":2},"end":{"line":184,"column":69}},"62":{"start":{"line":186,"column":2},"end":{"line":193,"column":68}},"63":{"start":{"line":196,"column":2},"end":{"line":203,"column":67}},"64":{"start":{"line":206,"column":22},"end":{"line":206,"column":104}},"65":{"start":{"line":207,"column":2},"end":{"line":209,"column":3}},"66":{"start":{"line":208,"column":4},"end":{"line":208,"column":76}},"67":{"start":{"line":210,"column":2},"end":{"line":210,"column":39}},"68":{"start":{"line":212,"column":20},"end":{"line":212,"column":98}},"69":{"start":{"line":213,"column":2},"end":{"line":215,"column":3}},"70":{"start":{"line":214,"column":4},"end":{"line":214,"column":72}},"71":{"start":{"line":216,"column":2},"end":{"line":216,"column":37}},"72":{"start":{"line":219,"column":26},"end":{"line":223,"column":59}},"73":{"start":{"line":225,"column":2},"end":{"line":229,"column":5}},"74":{"start":{"line":226,"column":4},"end":{"line":228,"column":5}},"75":{"start":{"line":227,"column":6},"end":{"line":227,"column":71}},"76":{"start":{"line":230,"column":2},"end":{"line":230,"column":43}},"77":{"start":{"line":233,"column":2},"end":{"line":238,"column":61}},"78":{"start":{"line":240,"column":2},"end":{"line":242,"column":13}},"79":{"start":{"line":249,"column":18},"end":{"line":251,"column":92}},"80":{"start":{"line":253,"column":2},"end":{"line":259,"column":43}}},"fnMap":{"0":{"name":"buildDashboardCard","decl":{"start":{"line":11,"column":9},"end":{"line":11,"column":27}},"loc":{"start":{"line":11,"column":31},"end":{"line":102,"column":1}},"line":11},"1":{"name":"(anonymous_1)","decl":{"start":{"line":53,"column":19},"end":{"line":53,"column":20}},"loc":{"start":{"line":53,"column":24},"end":{"line":55,"column":3}},"line":53},"2":{"name":"(anonymous_2)","decl":{"start":{"line":74,"column":16},"end":{"line":74,"column":17}},"loc":{"start":{"line":74,"column":24},"end":{"line":79,"column":3}},"line":74},"3":{"name":"(anonymous_3)","decl":{"start":{"line":90,"column":29},"end":{"line":90,"column":30}},"loc":{"start":{"line":90,"column":44},"end":{"line":99,"column":3}},"line":90},"4":{"name":"(anonymous_4)","decl":{"start":{"line":94,"column":27},"end":{"line":94,"column":28}},"loc":{"start":{"line":94,"column":35},"end":{"line":96,"column":5}},"line":94},"5":{"name":"buildTaskCard","decl":{"start":{"line":107,"column":9},"end":{"line":107,"column":22}},"loc":{"start":{"line":107,"column":26},"end":{"line":243,"column":1}},"line":107},"6":{"name":"(anonymous_6)","decl":{"start":{"line":119,"column":29},"end":{"line":119,"column":30}},"loc":{"start":{"line":119,"column":34},"end":{"line":119,"column":49}},"line":119},"7":{"name":"(anonymous_7)","decl":{"start":{"line":133,"column":36},"end":{"line":133,"column":37}},"loc":{"start":{"line":133,"column":41},"end":{"line":133,"column":48}},"line":133},"8":{"name":"(anonymous_8)","decl":{"start":{"line":160,"column":22},"end":{"line":160,"column":23}},"loc":{"start":{"line":160,"column":30},"end":{"line":162,"column":3}},"line":160},"9":{"name":"(anonymous_9)","decl":{"start":{"line":225,"column":19},"end":{"line":225,"column":20}},"loc":{"start":{"line":225,"column":24},"end":{"line":229,"column":3}},"line":225},"10":{"name":"createTaskRowWidget","decl":{"start":{"line":248,"column":9},"end":{"line":248,"column":28}},"loc":{"start":{"line":248,"column":35},"end":{"line":260,"column":1}},"line":248}},"branchMap":{"0":{"loc":{"start":{"line":35,"column":2},"end":{"line":38,"column":3}},"type":"if","locations":[{"start":{"line":35,"column":2},"end":{"line":38,"column":3}},{"start":{},"end":{}}],"line":35},"1":{"loc":{"start":{"line":35,"column":6},"end":{"line":35,"column":61}},"type":"binary-expr","locations":[{"start":{"line":35,"column":6},"end":{"line":35,"column":7}},{"start":{"line":35,"column":11},"end":{"line":35,"column":28}},{"start":{"line":35,"column":32},"end":{"line":35,"column":61}}],"line":35},"2":{"loc":{"start":{"line":46,"column":19},"end":{"line":46,"column":40}},"type":"binary-expr","locations":[{"start":{"line":46,"column":19},"end":{"line":46,"column":34}},{"start":{"line":46,"column":38},"end":{"line":46,"column":40}}],"line":46},"3":{"loc":{"start":{"line":70,"column":16},"end":{"line":70,"column":34}},"type":"binary-expr","locations":[{"start":{"line":70,"column":16},"end":{"line":70,"column":28}},{"start":{"line":70,"column":32},"end":{"line":70,"column":34}}],"line":70},"4":{"loc":{"start":{"line":76,"column":24},"end":{"line":76,"column":97}},"type":"cond-expr","locations":[{"start":{"line":76,"column":64},"end":{"line":76,"column":82}},{"start":{"line":76,"column":85},"end":{"line":76,"column":97}}],"line":76},"5":{"loc":{"start":{"line":76,"column":25},"end":{"line":76,"column":60}},"type":"binary-expr","locations":[{"start":{"line":76,"column":25},"end":{"line":76,"column":38}},{"start":{"line":76,"column":42},"end":{"line":76,"column":60}}],"line":76},"6":{"loc":{"start":{"line":77,"column":4},"end":{"line":77,"column":73}},"type":"if","locations":[{"start":{"line":77,"column":4},"end":{"line":77,"column":73}},{"start":{},"end":{}}],"line":77},"7":{"loc":{"start":{"line":83,"column":2},"end":{"line":87,"column":3}},"type":"if","locations":[{"start":{"line":83,"column":2},"end":{"line":87,"column":3}},{"start":{},"end":{}}],"line":83},"8":{"loc":{"start":{"line":110,"column":2},"end":{"line":115,"column":3}},"type":"if","locations":[{"start":{"line":110,"column":2},"end":{"line":115,"column":3}},{"start":{},"end":{}}],"line":110},"9":{"loc":{"start":{"line":118,"column":19},"end":{"line":118,"column":37}},"type":"binary-expr","locations":[{"start":{"line":118,"column":19},"end":{"line":118,"column":31}},{"start":{"line":118,"column":35},"end":{"line":118,"column":37}}],"line":118},"10":{"loc":{"start":{"line":120,"column":22},"end":{"line":120,"column":43}},"type":"binary-expr","locations":[{"start":{"line":120,"column":22},"end":{"line":120,"column":37}},{"start":{"line":120,"column":41},"end":{"line":120,"column":43}}],"line":120},"11":{"loc":{"start":{"line":122,"column":2},"end":{"line":127,"column":3}},"type":"if","locations":[{"start":{"line":122,"column":2},"end":{"line":127,"column":3}},{"start":{},"end":{}}],"line":122},"12":{"loc":{"start":{"line":145,"column":14},"end":{"line":145,"column":30}},"type":"binary-expr","locations":[{"start":{"line":145,"column":14},"end":{"line":145,"column":24}},{"start":{"line":145,"column":28},"end":{"line":145,"column":30}}],"line":145},"13":{"loc":{"start":{"line":151,"column":14},"end":{"line":151,"column":36}},"type":"binary-expr","locations":[{"start":{"line":151,"column":14},"end":{"line":151,"column":30}},{"start":{"line":151,"column":34},"end":{"line":151,"column":36}}],"line":151},"14":{"loc":{"start":{"line":169,"column":14},"end":{"line":169,"column":47}},"type":"binary-expr","locations":[{"start":{"line":169,"column":14},"end":{"line":169,"column":27}},{"start":{"line":169,"column":31},"end":{"line":169,"column":47}}],"line":169},"15":{"loc":{"start":{"line":171,"column":2},"end":{"line":173,"column":3}},"type":"if","locations":[{"start":{"line":171,"column":2},"end":{"line":173,"column":3}},{"start":{},"end":{}}],"line":171},"16":{"loc":{"start":{"line":181,"column":29},"end":{"line":181,"column":67}},"type":"binary-expr","locations":[{"start":{"line":181,"column":29},"end":{"line":181,"column":51}},{"start":{"line":181,"column":55},"end":{"line":181,"column":67}}],"line":181},"17":{"loc":{"start":{"line":191,"column":33},"end":{"line":191,"column":77}},"type":"binary-expr","locations":[{"start":{"line":191,"column":33},"end":{"line":191,"column":59}},{"start":{"line":191,"column":63},"end":{"line":191,"column":77}}],"line":191},"18":{"loc":{"start":{"line":200,"column":35},"end":{"line":200,"column":72}},"type":"binary-expr","locations":[{"start":{"line":200,"column":35},"end":{"line":200,"column":58}},{"start":{"line":200,"column":62},"end":{"line":200,"column":72}}],"line":200},"19":{"loc":{"start":{"line":207,"column":2},"end":{"line":209,"column":3}},"type":"if","locations":[{"start":{"line":207,"column":2},"end":{"line":209,"column":3}},{"start":{},"end":{}}],"line":207},"20":{"loc":{"start":{"line":213,"column":2},"end":{"line":215,"column":3}},"type":"if","locations":[{"start":{"line":213,"column":2},"end":{"line":215,"column":3}},{"start":{},"end":{}}],"line":213},"21":{"loc":{"start":{"line":226,"column":4},"end":{"line":228,"column":5}},"type":"if","locations":[{"start":{"line":226,"column":4},"end":{"line":228,"column":5}},{"start":{},"end":{}}],"line":226},"22":{"loc":{"start":{"line":226,"column":8},"end":{"line":226,"column":52}},"type":"binary-expr","locations":[{"start":{"line":226,"column":8},"end":{"line":226,"column":24}},{"start":{"line":226,"column":28},"end":{"line":226,"column":52}}],"line":226},"23":{"loc":{"start":{"line":249,"column":18},"end":{"line":251,"column":92}},"type":"cond-expr","locations":[{"start":{"line":250,"column":6},"end":{"line":250,"column":82}},{"start":{"line":251,"column":6},"end":{"line":251,"column":92}}],"line":249},"24":{"loc":{"start":{"line":255,"column":20},"end":{"line":255,"column":41}},"type":"binary-expr","locations":[{"start":{"line":255,"column":20},"end":{"line":255,"column":31}},{"start":{"line":255,"column":35},"end":{"line":255,"column":41}}],"line":255}},"s":{"0":0,"1":0,"2":0,"3":0,"4":0,"5":0,"6":0,"7":0,"8":0,"9":0,"10":0,"11":0,"12":0,"13":0,"14":0,"15":0,"16":0,"17":0,"18":0,"19":0,"20":0,"21":0,"22":0,"23":0,"24":0,"25":0,"26":0,"27":0,"28":0,"29":0,"30":0,"31":0,"32":0,"33":0,"34":0,"35":0,"36":0,"37":0,"38":0,"39":0,"40":0,"41":0,"42":0,"43":0,"44":0,"45":0,"46":0,"47":0,"48":0,"49":0,"50":0,"51":0,"52":0,"53":0,"54":0,"55":0,"56":0,"57":0,"58":0,"59":0,"60":0,"61":0,"62":0,"63":0,"64":0,"65":0,"66":0,"67":0,"68":0,"69":0,"70":0,"71":0,"72":0,"73":0,"74":0,"75":0,"76":0,"77":0,"78":0,"79":0,"80":0},"f":{"0":0,"1":0,"2":0,"3":0,"4":0,"5":0,"6":0,"7":0,"8":0,"9":0,"10":0},"b":{"0":[0,0],"1":[0,0,0],"2":[0,0],"3":[0,0],"4":[0,0],"5":[0,0],"6":[0,0],"7":[0,0],"8":[0,0],"9":[0,0],"10":[0,0],"11":[0,0],"12":[0,0],"13":[0,0],"14":[0,0],"15":[0,0],"16":[0,0],"17":[0,0],"18":[0,0],"19":[0,0],"20":[0,0],"21":[0,0],"22":[0,0],"23":[0,0],"24":[0,0]}}
,"/home/erick/Developer/Elevated Tasks/src/version.gs": {"path":"/home/erick/Developer/Elevated Tasks/src/version.gs","statementMap":{"0":{"start":{"line":1,"column":26},"end":{"line":1,"column":38}}},"fnMap":{"0":{"name":"versionCheck","decl":{"start":{"line":1,"column":9},"end":{"line":1,"column":21}},"loc":{"start":{"line":1,"column":24},"end":{"line":1,"column":40}},"line":1}},"branchMap":{},"s":{"0":0},"f":{"0":0},"b":{},"inputSourceMap":null}
,"/home/erick/Developer/Elevated Tasks/src/backend/addon_handlers.js": {"path":"/home/erick/Developer/Elevated Tasks/src/backend/addon_handlers.js","statementMap":{"0":{"start":{"line":12,"column":2},"end":{"line":12,"column":31}},"1":{"start":{"line":20,"column":15},"end":{"line":20,"column":31}},"2":{"start":{"line":21,"column":2},"end":{"line":23,"column":13}},"3":{"start":{"line":30,"column":21},"end":{"line":30,"column":51}},"4":{"start":{"line":31,"column":16},"end":{"line":31,"column":109}},"5":{"start":{"line":33,"column":18},"end":{"line":33,"column":112}},"6":{"start":{"line":34,"column":2},"end":{"line":34,"column":56}},"7":{"start":{"line":36,"column":18},"end":{"line":42,"column":3}},"8":{"start":{"line":44,"column":2},"end":{"line":44,"column":24}},"9":{"start":{"line":46,"column":2},"end":{"line":49,"column":13}},"10":{"start":{"line":56,"column":21},"end":{"line":56,"column":51}},"11":{"start":{"line":57,"column":17},"end":{"line":57,"column":36}},"12":{"start":{"line":59,"column":18},"end":{"line":59,"column":104}},"13":{"start":{"line":60,"column":18},"end":{"line":60,"column":104}},"14":{"start":{"line":62,"column":18},"end":{"line":71,"column":3}},"15":{"start":{"line":74,"column":2},"end":{"line":76,"column":3}},"16":{"start":{"line":75,"column":4},"end":{"line":75,"column":123}},"17":{"start":{"line":77,"column":2},"end":{"line":79,"column":3}},"18":{"start":{"line":78,"column":4},"end":{"line":78,"column":119}},"19":{"start":{"line":81,"column":2},"end":{"line":81,"column":32}},"20":{"start":{"line":83,"column":2},"end":{"line":86,"column":13}}},"fnMap":{"0":{"name":"onHomepage","decl":{"start":{"line":9,"column":9},"end":{"line":9,"column":19}},"loc":{"start":{"line":9,"column":23},"end":{"line":13,"column":1}},"line":9},"1":{"name":"showTaskEditor","decl":{"start":{"line":19,"column":9},"end":{"line":19,"column":23}},"loc":{"start":{"line":19,"column":27},"end":{"line":24,"column":1}},"line":19},"2":{"name":"handleCreateFromHome","decl":{"start":{"line":29,"column":9},"end":{"line":29,"column":29}},"loc":{"start":{"line":29,"column":33},"end":{"line":50,"column":1}},"line":29},"3":{"name":"handleSave","decl":{"start":{"line":55,"column":9},"end":{"line":55,"column":19}},"loc":{"start":{"line":55,"column":23},"end":{"line":87,"column":1}},"line":55}},"branchMap":{"0":{"loc":{"start":{"line":31,"column":16},"end":{"line":31,"column":109}},"type":"cond-expr","locations":[{"start":{"line":31,"column":44},"end":{"line":31,"column":91}},{"start":{"line":31,"column":94},"end":{"line":31,"column":109}}],"line":31},"1":{"loc":{"start":{"line":33,"column":18},"end":{"line":33,"column":112}},"type":"cond-expr","locations":[{"start":{"line":33,"column":51},"end":{"line":33,"column":103}},{"start":{"line":33,"column":106},"end":{"line":33,"column":112}}],"line":33},"2":{"loc":{"start":{"line":34,"column":14},"end":{"line":34,"column":55}},"type":"cond-expr","locations":[{"start":{"line":34,"column":39},"end":{"line":34,"column":43}},{"start":{"line":34,"column":46},"end":{"line":34,"column":55}}],"line":34},"3":{"loc":{"start":{"line":59,"column":18},"end":{"line":59,"column":104}},"type":"cond-expr","locations":[{"start":{"line":59,"column":47},"end":{"line":59,"column":95}},{"start":{"line":59,"column":98},"end":{"line":59,"column":104}}],"line":59},"4":{"loc":{"start":{"line":60,"column":18},"end":{"line":60,"column":104}},"type":"cond-expr","locations":[{"start":{"line":60,"column":47},"end":{"line":60,"column":95}},{"start":{"line":60,"column":98},"end":{"line":60,"column":104}}],"line":60},"5":{"loc":{"start":{"line":63,"column":11},"end":{"line":63,"column":83}},"type":"cond-expr","locations":[{"start":{"line":63,"column":35},"end":{"line":63,"column":78}},{"start":{"line":63,"column":81},"end":{"line":63,"column":83}}],"line":63},"6":{"loc":{"start":{"line":64,"column":17},"end":{"line":64,"column":101}},"type":"cond-expr","locations":[{"start":{"line":64,"column":47},"end":{"line":64,"column":96}},{"start":{"line":64,"column":99},"end":{"line":64,"column":101}}],"line":64},"7":{"loc":{"start":{"line":65,"column":16},"end":{"line":65,"column":57}},"type":"cond-expr","locations":[{"start":{"line":65,"column":41},"end":{"line":65,"column":45}},{"start":{"line":65,"column":48},"end":{"line":65,"column":57}}],"line":65},"8":{"loc":{"start":{"line":66,"column":14},"end":{"line":66,"column":94}},"type":"cond-expr","locations":[{"start":{"line":66,"column":41},"end":{"line":66,"column":87}},{"start":{"line":66,"column":90},"end":{"line":66,"column":94}}],"line":66},"9":{"loc":{"start":{"line":67,"column":12},"end":{"line":67,"column":90}},"type":"cond-expr","locations":[{"start":{"line":67,"column":37},"end":{"line":67,"column":81}},{"start":{"line":67,"column":84},"end":{"line":67,"column":90}}],"line":67},"10":{"loc":{"start":{"line":68,"column":14},"end":{"line":68,"column":98}},"type":"cond-expr","locations":[{"start":{"line":68,"column":41},"end":{"line":68,"column":87}},{"start":{"line":68,"column":90},"end":{"line":68,"column":98}}],"line":68},"11":{"loc":{"start":{"line":69,"column":10},"end":{"line":69,"column":87}},"type":"cond-expr","locations":[{"start":{"line":69,"column":33},"end":{"line":69,"column":75}},{"start":{"line":69,"column":78},"end":{"line":69,"column":87}}],"line":69},"12":{"loc":{"start":{"line":70,"column":16},"end":{"line":70,"column":57}},"type":"cond-expr","locations":[{"start":{"line":70,"column":41},"end":{"line":70,"column":45}},{"start":{"line":70,"column":48},"end":{"line":70,"column":57}}],"line":70},"13":{"loc":{"start":{"line":74,"column":2},"end":{"line":76,"column":3}},"type":"if","locations":[{"start":{"line":74,"column":2},"end":{"line":76,"column":3}},{"start":{},"end":{}}],"line":74},"14":{"loc":{"start":{"line":77,"column":2},"end":{"line":79,"column":3}},"type":"if","locations":[{"start":{"line":77,"column":2},"end":{"line":79,"column":3}},{"start":{},"end":{}}],"line":77}},"s":{"0":0,"1":0,"2":0,"3":0,"4":0,"5":0,"6":0,"7":0,"8":0,"9":0,"10":0,"11":0,"12":0,"13":0,"14":0,"15":0,"16":0,"17":0,"18":0,"19":0,"20":0},"f":{"0":0,"1":0,"2":0,"3":0},"b":{"0":[0,0],"1":[0,0],"2":[0,0],"3":[0,0],"4":[0,0],"5":[0,0],"6":[0,0],"7":[0,0],"8":[0,0],"9":[0,0],"10":[0,0],"11":[0,0],"12":[0,0],"13":[0,0],"14":[0,0]}}
,"/home/erick/Developer/Elevated Tasks/src/backend/supabase.js": {"path":"/home/erick/Developer/Elevated Tasks/src/backend/supabase.js","statementMap":{"0":{"start":{"line":33,"column":16},"end":{"line":33,"column":55}},"1":{"start":{"line":34,"column":21},"end":{"line":34,"column":62}},"2":{"start":{"line":35,"column":18},"end":{"line":35,"column":56}},"3":{"start":{"line":37,"column":2},"end":{"line":39,"column":3}},"4":{"start":{"line":38,"column":4},"end":{"line":38,"column":67}},"5":{"start":{"line":41,"column":2},"end":{"line":46,"column":4}},"6":{"start":{"line":57,"column":16},"end":{"line":57,"column":55}},"7":{"start":{"line":58,"column":18},"end":{"line":58,"column":51}},"8":{"start":{"line":60,"column":2},"end":{"line":60,"column":57}},"9":{"start":{"line":60,"column":16},"end":{"line":60,"column":57}},"10":{"start":{"line":62,"column":14},"end":{"line":62,"column":46}},"11":{"start":{"line":65,"column":18},"end":{"line":69,"column":3}},"12":{"start":{"line":71,"column":2},"end":{"line":73,"column":3}},"13":{"start":{"line":72,"column":4},"end":{"line":72,"column":46}},"14":{"start":{"line":75,"column":19},"end":{"line":75,"column":50}},"15":{"start":{"line":76,"column":23},"end":{"line":76,"column":49}},"16":{"start":{"line":77,"column":23},"end":{"line":77,"column":48}},"17":{"start":{"line":79,"column":2},"end":{"line":84,"column":3}},"18":{"start":{"line":80,"column":4},"end":{"line":80,"column":58}},"19":{"start":{"line":82,"column":4},"end":{"line":82,"column":71}},"20":{"start":{"line":83,"column":4},"end":{"line":83,"column":55}},"21":{"start":{"line":93,"column":2},"end":{"line":93,"column":87}},"22":{"start":{"line":101,"column":14},"end":{"line":101,"column":56}},"23":{"start":{"line":102,"column":2},"end":{"line":102,"column":29}},"24":{"start":{"line":111,"column":14},"end":{"line":111,"column":73}},"25":{"start":{"line":112,"column":2},"end":{"line":112,"column":29}},"26":{"start":{"line":120,"column":2},"end":{"line":120,"column":60}},"27":{"start":{"line":129,"column":20},"end":{"line":129,"column":54}},"28":{"start":{"line":130,"column":23},"end":{"line":130,"column":52}},"29":{"start":{"line":132,"column":24},"end":{"line":132,"column":104}},"30":{"start":{"line":133,"column":25},"end":{"line":133,"column":142}},"31":{"start":{"line":135,"column":21},"end":{"line":135,"column":30}},"32":{"start":{"line":137,"column":2},"end":{"line":139,"column":3}},"33":{"start":{"line":138,"column":4},"end":{"line":138,"column":122}},"34":{"start":{"line":138,"column":72},"end":{"line":138,"column":120}},"35":{"start":{"line":141,"column":2},"end":{"line":147,"column":3}},"36":{"start":{"line":142,"column":4},"end":{"line":146,"column":7}},"37":{"start":{"line":143,"column":6},"end":{"line":145,"column":7}},"38":{"start":{"line":144,"column":8},"end":{"line":144,"column":87}},"39":{"start":{"line":149,"column":2},"end":{"line":149,"column":86}},"40":{"start":{"line":149,"column":56},"end":{"line":149,"column":84}},"41":{"start":{"line":157,"column":20},"end":{"line":157,"column":54}},"42":{"start":{"line":159,"column":18},"end":{"line":164,"column":3}},"43":{"start":{"line":166,"column":14},"end":{"line":166,"column":58}},"44":{"start":{"line":167,"column":2},"end":{"line":167,"column":29}},"45":{"start":{"line":176,"column":16},"end":{"line":176,"column":64}},"46":{"start":{"line":177,"column":18},"end":{"line":177,"column":95}},"47":{"start":{"line":179,"column":2},"end":{"line":181,"column":3}},"48":{"start":{"line":180,"column":4},"end":{"line":180,"column":22}},"49":{"start":{"line":182,"column":2},"end":{"line":182,"column":14}},"50":{"start":{"line":191,"column":16},"end":{"line":191,"column":64}},"51":{"start":{"line":193,"column":18},"end":{"line":197,"column":3}},"52":{"start":{"line":199,"column":14},"end":{"line":199,"column":63}},"53":{"start":{"line":200,"column":2},"end":{"line":200,"column":29}},"54":{"start":{"line":209,"column":20},"end":{"line":209,"column":59}},"55":{"start":{"line":210,"column":2},"end":{"line":210,"column":86}},"56":{"start":{"line":218,"column":21},"end":{"line":218,"column":55}},"57":{"start":{"line":219,"column":22},"end":{"line":219,"column":56}},"58":{"start":{"line":221,"column":19},"end":{"line":221,"column":101}},"59":{"start":{"line":222,"column":2},"end":{"line":222,"column":46}},"60":{"start":{"line":222,"column":39},"end":{"line":222,"column":46}},"61":{"start":{"line":224,"column":2},"end":{"line":228,"column":5}},"62":{"start":{"line":230,"column":20},"end":{"line":230,"column":51}},"63":{"start":{"line":231,"column":18},"end":{"line":231,"column":75}},"64":{"start":{"line":232,"column":15},"end":{"line":241,"column":3}},"65":{"start":{"line":243,"column":2},"end":{"line":248,"column":3}},"66":{"start":{"line":244,"column":4},"end":{"line":244,"column":50}},"67":{"start":{"line":247,"column":4},"end":{"line":247,"column":92}},"68":{"start":{"line":251,"column":0},"end":{"line":266,"column":1}},"69":{"start":{"line":252,"column":2},"end":{"line":265,"column":4}}},"fnMap":{"0":{"name":"getSupabaseHeaders","decl":{"start":{"line":32,"column":9},"end":{"line":32,"column":27}},"loc":{"start":{"line":32,"column":30},"end":{"line":47,"column":1}},"line":32},"1":{"name":"supabaseRequest","decl":{"start":{"line":56,"column":9},"end":{"line":56,"column":24}},"loc":{"start":{"line":56,"column":59},"end":{"line":85,"column":1}},"line":56},"2":{"name":"dbGetTasks","decl":{"start":{"line":92,"column":9},"end":{"line":92,"column":19}},"loc":{"start":{"line":92,"column":22},"end":{"line":94,"column":1}},"line":92},"3":{"name":"dbCreateTask","decl":{"start":{"line":100,"column":9},"end":{"line":100,"column":21}},"loc":{"start":{"line":100,"column":32},"end":{"line":103,"column":1}},"line":100},"4":{"name":"dbUpdateTask","decl":{"start":{"line":110,"column":9},"end":{"line":110,"column":21}},"loc":{"start":{"line":110,"column":40},"end":{"line":113,"column":1}},"line":110},"5":{"name":"dbDeleteTask","decl":{"start":{"line":119,"column":9},"end":{"line":119,"column":21}},"loc":{"start":{"line":119,"column":30},"end":{"line":121,"column":1}},"line":119},"6":{"name":"dbGetProjects","decl":{"start":{"line":128,"column":9},"end":{"line":128,"column":22}},"loc":{"start":{"line":128,"column":25},"end":{"line":150,"column":1}},"line":128},"7":{"name":"(anonymous_7)","decl":{"start":{"line":138,"column":26},"end":{"line":138,"column":27}},"loc":{"start":{"line":138,"column":72},"end":{"line":138,"column":120}},"line":138},"8":{"name":"(anonymous_8)","decl":{"start":{"line":142,"column":27},"end":{"line":142,"column":28}},"loc":{"start":{"line":142,"column":89},"end":{"line":146,"column":5}},"line":142},"9":{"name":"(anonymous_9)","decl":{"start":{"line":149,"column":46},"end":{"line":149,"column":47}},"loc":{"start":{"line":149,"column":56},"end":{"line":149,"column":84}},"line":149},"10":{"name":"dbCreateProject","decl":{"start":{"line":156,"column":9},"end":{"line":156,"column":24}},"loc":{"start":{"line":156,"column":38},"end":{"line":168,"column":1}},"line":156},"11":{"name":"dbCheckMyProfile","decl":{"start":{"line":175,"column":9},"end":{"line":175,"column":25}},"loc":{"start":{"line":175,"column":28},"end":{"line":183,"column":1}},"line":175},"12":{"name":"dbCreateProfile","decl":{"start":{"line":190,"column":9},"end":{"line":190,"column":24}},"loc":{"start":{"line":190,"column":54},"end":{"line":201,"column":1}},"line":190},"13":{"name":"dbUpdateProfile","decl":{"start":{"line":208,"column":9},"end":{"line":208,"column":24}},"loc":{"start":{"line":208,"column":45},"end":{"line":211,"column":1}},"line":208},"14":{"name":"dbInviteTeammate","decl":{"start":{"line":217,"column":9},"end":{"line":217,"column":25}},"loc":{"start":{"line":217,"column":41},"end":{"line":249,"column":1}},"line":217}},"branchMap":{"0":{"loc":{"start":{"line":37,"column":2},"end":{"line":39,"column":3}},"type":"if","locations":[{"start":{"line":37,"column":2},"end":{"line":39,"column":3}},{"start":{},"end":{}}],"line":37},"1":{"loc":{"start":{"line":37,"column":6},"end":{"line":37,"column":29}},"type":"binary-expr","locations":[{"start":{"line":37,"column":6},"end":{"line":37,"column":17}},{"start":{"line":37,"column":21},"end":{"line":37,"column":29}}],"line":37},"2":{"loc":{"start":{"line":56,"column":43},"end":{"line":56,"column":57}},"type":"default-arg","locations":[{"start":{"line":56,"column":53},"end":{"line":56,"column":57}}],"line":56},"3":{"loc":{"start":{"line":60,"column":2},"end":{"line":60,"column":57}},"type":"if","locations":[{"start":{"line":60,"column":2},"end":{"line":60,"column":57}},{"start":{},"end":{}}],"line":60},"4":{"loc":{"start":{"line":71,"column":2},"end":{"line":73,"column":3}},"type":"if","locations":[{"start":{"line":71,"column":2},"end":{"line":73,"column":3}},{"start":{},"end":{}}],"line":71},"5":{"loc":{"start":{"line":79,"column":2},"end":{"line":84,"column":3}},"type":"if","locations":[{"start":{"line":79,"column":2},"end":{"line":84,"column":3}},{"start":{"line":81,"column":9},"end":{"line":84,"column":3}}],"line":79},"6":{"loc":{"start":{"line":79,"column":6},"end":{"line":79,"column":47}},"type":"binary-expr","locations":[{"start":{"line":79,"column":6},"end":{"line":79,"column":25}},{"start":{"line":79,"column":29},"end":{"line":79,"column":47}}],"line":79},"7":{"loc":{"start":{"line":80,"column":11},"end":{"line":80,"column":57}},"type":"cond-expr","locations":[{"start":{"line":80,"column":26},"end":{"line":80,"column":50}},{"start":{"line":80,"column":53},"end":{"line":80,"column":57}}],"line":80},"8":{"loc":{"start":{"line":102,"column":9},"end":{"line":102,"column":28}},"type":"cond-expr","locations":[{"start":{"line":102,"column":15},"end":{"line":102,"column":21}},{"start":{"line":102,"column":24},"end":{"line":102,"column":28}}],"line":102},"9":{"loc":{"start":{"line":112,"column":9},"end":{"line":112,"column":28}},"type":"cond-expr","locations":[{"start":{"line":112,"column":15},"end":{"line":112,"column":21}},{"start":{"line":112,"column":24},"end":{"line":112,"column":28}}],"line":112},"10":{"loc":{"start":{"line":137,"column":2},"end":{"line":139,"column":3}},"type":"if","locations":[{"start":{"line":137,"column":2},"end":{"line":139,"column":3}},{"start":{},"end":{}}],"line":137},"11":{"loc":{"start":{"line":141,"column":2},"end":{"line":147,"column":3}},"type":"if","locations":[{"start":{"line":141,"column":2},"end":{"line":147,"column":3}},{"start":{},"end":{}}],"line":141},"12":{"loc":{"start":{"line":143,"column":6},"end":{"line":145,"column":7}},"type":"if","locations":[{"start":{"line":143,"column":6},"end":{"line":145,"column":7}},{"start":{},"end":{}}],"line":143},"13":{"loc":{"start":{"line":161,"column":17},"end":{"line":161,"column":46}},"type":"binary-expr","locations":[{"start":{"line":161,"column":17},"end":{"line":161,"column":40}},{"start":{"line":161,"column":44},"end":{"line":161,"column":46}}],"line":161},"14":{"loc":{"start":{"line":167,"column":9},"end":{"line":167,"column":28}},"type":"cond-expr","locations":[{"start":{"line":167,"column":15},"end":{"line":167,"column":21}},{"start":{"line":167,"column":24},"end":{"line":167,"column":28}}],"line":167},"15":{"loc":{"start":{"line":179,"column":2},"end":{"line":181,"column":3}},"type":"if","locations":[{"start":{"line":179,"column":2},"end":{"line":181,"column":3}},{"start":{},"end":{}}],"line":179},"16":{"loc":{"start":{"line":179,"column":6},"end":{"line":179,"column":35}},"type":"binary-expr","locations":[{"start":{"line":179,"column":6},"end":{"line":179,"column":13}},{"start":{"line":179,"column":17},"end":{"line":179,"column":35}}],"line":179},"17":{"loc":{"start":{"line":196,"column":27},"end":{"line":196,"column":47}},"type":"binary-expr","locations":[{"start":{"line":196,"column":27},"end":{"line":196,"column":41}},{"start":{"line":196,"column":45},"end":{"line":196,"column":47}}],"line":196},"18":{"loc":{"start":{"line":200,"column":9},"end":{"line":200,"column":28}},"type":"cond-expr","locations":[{"start":{"line":200,"column":15},"end":{"line":200,"column":21}},{"start":{"line":200,"column":24},"end":{"line":200,"column":28}}],"line":200},"19":{"loc":{"start":{"line":222,"column":2},"end":{"line":222,"column":46}},"type":"if","locations":[{"start":{"line":222,"column":2},"end":{"line":222,"column":46}},{"start":{},"end":{}}],"line":222},"20":{"loc":{"start":{"line":222,"column":6},"end":{"line":222,"column":37}},"type":"binary-expr","locations":[{"start":{"line":222,"column":6},"end":{"line":222,"column":14}},{"start":{"line":222,"column":18},"end":{"line":222,"column":37}}],"line":222},"21":{"loc":{"start":{"line":251,"column":0},"end":{"line":266,"column":1}},"type":"if","locations":[{"start":{"line":251,"column":0},"end":{"line":266,"column":1}},{"start":{},"end":{}}],"line":251}},"s":{"0":1,"1":1,"2":1,"3":1,"4":0,"5":1,"6":1,"7":1,"8":1,"9":0,"10":1,"11":1,"12":1,"13":0,"14":1,"15":1,"16":1,"17":1,"18":1,"19":0,"20":0,"21":1,"22":0,"23":0,"24":0,"25":0,"26":0,"27":0,"28":0,"29":0,"30":0,"31":0,"32":0,"33":0,"34":0,"35":0,"36":0,"37":0,"38":0,"39":0,"40":0,"41":0,"42":0,"43":0,"44":0,"45":0,"46":0,"47":0,"48":0,"49":0,"50":0,"51":0,"52":0,"53":0,"54":0,"55":0,"56":0,"57":0,"58":0,"59":0,"60":0,"61":0,"62":0,"63":0,"64":0,"65":0,"66":0,"67":0,"68":1,"69":1},"f":{"0":1,"1":1,"2":1,"3":0,"4":0,"5":0,"6":0,"7":0,"8":0,"9":0,"10":0,"11":0,"12":0,"13":0,"14":0},"b":{"0":[0,1],"1":[1,1],"2":[1],"3":[0,1],"4":[0,1],"5":[1,0],"6":[1,1],"7":[1,0],"8":[0,0],"9":[0,0],"10":[0,0],"11":[0,0],"12":[0,0],"13":[0,0],"14":[0,0],"15":[0,0],"16":[0,0],"17":[0,0],"18":[0,0],"19":[0,0],"20":[0,0],"21":[1,0]},"_coverageSchema":"1a1c01bbd47fc00a2c39e90264f33305004495a9","hash":"864a392b7eb7239e400d75ee73d4d066ebbb4502"}
,"/home/erick/Developer/Elevated Tasks/src/backend/utils.js": {"path":"/home/erick/Developer/Elevated Tasks/src/backend/utils.js","statementMap":{"0":{"start":{"line":3,"column":15},"end":{"line":5,"column":1}},"1":{"start":{"line":25,"column":26},"end":{"line":25,"column":124}},"2":{"start":{"line":27,"column":2},"end":{"line":27,"column":40}},"3":{"start":{"line":27,"column":17},"end":{"line":27,"column":40}},"4":{"start":{"line":29,"column":2},"end":{"line":37,"column":3}},"5":{"start":{"line":30,"column":18},"end":{"line":30,"column":50}},"6":{"start":{"line":31,"column":23},"end":{"line":31,"column":50}},"7":{"start":{"line":32,"column":4},"end":{"line":32,"column":49}},"8":{"start":{"line":35,"column":4},"end":{"line":35,"column":59}},"9":{"start":{"line":36,"column":4},"end":{"line":36,"column":27}},"10":{"start":{"line":46,"column":2},"end":{"line":46,"column":79}},"11":{"start":{"line":46,"column":57},"end":{"line":46,"column":79}},"12":{"start":{"line":47,"column":16},"end":{"line":47,"column":48}},"13":{"start":{"line":48,"column":2},"end":{"line":48,"column":78}},"14":{"start":{"line":58,"column":19},"end":{"line":60,"column":3}},"15":{"start":{"line":59,"column":51},"end":{"line":59,"column":72}},"16":{"start":{"line":62,"column":21},"end":{"line":62,"column":45}},"17":{"start":{"line":63,"column":20},"end":{"line":63,"column":35}},"18":{"start":{"line":65,"column":2},"end":{"line":65,"column":43}},"19":{"start":{"line":65,"column":25},"end":{"line":65,"column":43}},"20":{"start":{"line":66,"column":2},"end":{"line":66,"column":68}},"21":{"start":{"line":75,"column":2},"end":{"line":75,"column":69}},"22":{"start":{"line":90,"column":16},"end":{"line":90,"column":18}},"23":{"start":{"line":92,"column":2},"end":{"line":122,"column":3}},"24":{"start":{"line":94,"column":4},"end":{"line":112,"column":24}},"25":{"start":{"line":96,"column":23},"end":{"line":101,"column":8}},"26":{"start":{"line":103,"column":6},"end":{"line":110,"column":7}},"27":{"start":{"line":104,"column":8},"end":{"line":109,"column":11}},"28":{"start":{"line":105,"column":10},"end":{"line":108,"column":13}},"29":{"start":{"line":111,"column":6},"end":{"line":111,"column":41}},"30":{"start":{"line":116,"column":4},"end":{"line":116,"column":72}},"31":{"start":{"line":117,"column":20},"end":{"line":117,"column":54}},"32":{"start":{"line":118,"column":4},"end":{"line":121,"column":7}},"33":{"start":{"line":124,"column":2},"end":{"line":124,"column":15}},"34":{"start":{"line":127,"column":0},"end":{"line":135,"column":1}},"35":{"start":{"line":128,"column":2},"end":{"line":134,"column":4}}},"fnMap":{"0":{"name":"parseMetadata","decl":{"start":{"line":24,"column":9},"end":{"line":24,"column":22}},"loc":{"start":{"line":24,"column":33},"end":{"line":38,"column":1}},"line":24},"1":{"name":"getCleanNotes","decl":{"start":{"line":45,"column":9},"end":{"line":45,"column":22}},"loc":{"start":{"line":45,"column":33},"end":{"line":49,"column":1}},"line":45},"2":{"name":"buildElevatedNotes","decl":{"start":{"line":57,"column":9},"end":{"line":57,"column":27}},"loc":{"start":{"line":57,"column":52},"end":{"line":67,"column":1}},"line":57},"3":{"name":"(anonymous_3)","decl":{"start":{"line":59,"column":39},"end":{"line":59,"column":40}},"loc":{"start":{"line":59,"column":51},"end":{"line":59,"column":72}},"line":59},"4":{"name":"include","decl":{"start":{"line":74,"column":9},"end":{"line":74,"column":16}},"loc":{"start":{"line":74,"column":27},"end":{"line":76,"column":1}},"line":74},"5":{"name":"getWorkspaceUsers","decl":{"start":{"line":88,"column":9},"end":{"line":88,"column":26}},"loc":{"start":{"line":88,"column":29},"end":{"line":125,"column":1}},"line":88},"6":{"name":"(anonymous_6)","decl":{"start":{"line":104,"column":31},"end":{"line":104,"column":32}},"loc":{"start":{"line":104,"column":105},"end":{"line":109,"column":9}},"line":104}},"branchMap":{"0":{"loc":{"start":{"line":27,"column":2},"end":{"line":27,"column":40}},"type":"if","locations":[{"start":{"line":27,"column":2},"end":{"line":27,"column":40}},{"start":{},"end":{}}],"line":27},"1":{"loc":{"start":{"line":46,"column":2},"end":{"line":46,"column":79}},"type":"if","locations":[{"start":{"line":46,"column":2},"end":{"line":46,"column":79}},{"start":{},"end":{}}],"line":46},"2":{"loc":{"start":{"line":46,"column":6},"end":{"line":46,"column":55}},"type":"binary-expr","locations":[{"start":{"line":46,"column":6},"end":{"line":46,"column":15}},{"start":{"line":46,"column":19},"end":{"line":46,"column":55}}],"line":46},"3":{"loc":{"start":{"line":46,"column":64},"end":{"line":46,"column":78}},"type":"binary-expr","locations":[{"start":{"line":46,"column":64},"end":{"line":46,"column":72}},{"start":{"line":46,"column":76},"end":{"line":46,"column":78}}],"line":46},"4":{"loc":{"start":{"line":48,"column":9},"end":{"line":48,"column":77}},"type":"cond-expr","locations":[{"start":{"line":48,"column":28},"end":{"line":48,"column":72}},{"start":{"line":48,"column":75},"end":{"line":48,"column":77}}],"line":48},"5":{"loc":{"start":{"line":59,"column":51},"end":{"line":59,"column":72}},"type":"binary-expr","locations":[{"start":{"line":59,"column":51},"end":{"line":59,"column":60}},{"start":{"line":59,"column":64},"end":{"line":59,"column":72}}],"line":59},"6":{"loc":{"start":{"line":63,"column":20},"end":{"line":63,"column":35}},"type":"binary-expr","locations":[{"start":{"line":63,"column":20},"end":{"line":63,"column":29}},{"start":{"line":63,"column":33},"end":{"line":63,"column":35}}],"line":63},"7":{"loc":{"start":{"line":65,"column":2},"end":{"line":65,"column":43}},"type":"if","locations":[{"start":{"line":65,"column":2},"end":{"line":65,"column":43}},{"start":{},"end":{}}],"line":65},"8":{"loc":{"start":{"line":103,"column":6},"end":{"line":110,"column":7}},"type":"if","locations":[{"start":{"line":103,"column":6},"end":{"line":110,"column":7}},{"start":{},"end":{}}],"line":103},"9":{"loc":{"start":{"line":127,"column":0},"end":{"line":135,"column":1}},"type":"if","locations":[{"start":{"line":127,"column":0},"end":{"line":135,"column":1}},{"start":{},"end":{}}],"line":127}},"s":{"0":1,"1":0,"2":0,"3":0,"4":0,"5":0,"6":0,"7":0,"8":0,"9":0,"10":1,"11":0,"12":1,"13":1,"14":0,"15":0,"16":0,"17":0,"18":0,"19":0,"20":0,"21":0,"22":0,"23":0,"24":0,"25":0,"26":0,"27":0,"28":0,"29":0,"30":0,"31":0,"32":0,"33":0,"34":1,"35":1},"f":{"0":0,"1":1,"2":0,"3":0,"4":0,"5":0,"6":0},"b":{"0":[0,0],"1":[0,1],"2":[1,1],"3":[0,0],"4":[1,0],"5":[0,0],"6":[0,0],"7":[0,0],"8":[0,0],"9":[1,0]},"_coverageSchema":"1a1c01bbd47fc00a2c39e90264f33305004495a9","hash":"4f67f7a37ed7a9c08bf15eb6515b32c5a571e5a3"}
,"/home/erick/Developer/Elevated Tasks/src/backend/webapp_handlers.js": {"path":"/home/erick/Developer/Elevated Tasks/src/backend/webapp_handlers.js","statementMap":{"0":{"start":{"line":8,"column":19},"end":{"line":8,"column":75}},"1":{"start":{"line":9,"column":2},"end":{"line":12,"column":67}},"2":{"start":{"line":19,"column":2},"end":{"line":43,"column":3}},"3":{"start":{"line":20,"column":26},"end":{"line":20,"column":38}},"4":{"start":{"line":21,"column":4},"end":{"line":21,"column":34}},"5":{"start":{"line":21,"column":24},"end":{"line":21,"column":34}},"6":{"start":{"line":23,"column":4},"end":{"line":39,"column":8}},"7":{"start":{"line":23,"column":38},"end":{"line":39,"column":5}},"8":{"start":{"line":41,"column":4},"end":{"line":41,"column":48}},"9":{"start":{"line":42,"column":4},"end":{"line":42,"column":76}},"10":{"start":{"line":51,"column":2},"end":{"line":73,"column":3}},"11":{"start":{"line":52,"column":24},"end":{"line":52,"column":58}},"12":{"start":{"line":54,"column":28},"end":{"line":66,"column":5}},"13":{"start":{"line":68,"column":4},"end":{"line":68,"column":34}},"14":{"start":{"line":69,"column":4},"end":{"line":69,"column":16}},"15":{"start":{"line":71,"column":4},"end":{"line":71,"column":59}},"16":{"start":{"line":72,"column":4},"end":{"line":72,"column":77}},"17":{"start":{"line":81,"column":2},"end":{"line":95,"column":3}},"18":{"start":{"line":82,"column":20},"end":{"line":82,"column":41}},"19":{"start":{"line":84,"column":4},"end":{"line":86,"column":5}},"20":{"start":{"line":85,"column":6},"end":{"line":85,"column":54}},"21":{"start":{"line":87,"column":4},"end":{"line":89,"column":5}},"22":{"start":{"line":88,"column":6},"end":{"line":88,"column":52}},"23":{"start":{"line":91,"column":4},"end":{"line":91,"column":34}},"24":{"start":{"line":92,"column":4},"end":{"line":92,"column":16}},"25":{"start":{"line":94,"column":4},"end":{"line":94,"column":79}},"26":{"start":{"line":103,"column":2},"end":{"line":121,"column":3}},"27":{"start":{"line":104,"column":20},"end":{"line":115,"column":5}},"28":{"start":{"line":117,"column":4},"end":{"line":117,"column":34}},"29":{"start":{"line":118,"column":4},"end":{"line":118,"column":16}},"30":{"start":{"line":120,"column":4},"end":{"line":120,"column":77}},"31":{"start":{"line":128,"column":2},"end":{"line":133,"column":3}},"32":{"start":{"line":129,"column":4},"end":{"line":129,"column":25}},"33":{"start":{"line":130,"column":4},"end":{"line":130,"column":16}},"34":{"start":{"line":132,"column":4},"end":{"line":132,"column":77}},"35":{"start":{"line":140,"column":2},"end":{"line":140,"column":25}},"36":{"start":{"line":140,"column":12},"end":{"line":140,"column":25}},"37":{"start":{"line":141,"column":19},"end":{"line":141,"column":108}},"38":{"start":{"line":142,"column":2},"end":{"line":142,"column":28}},"39":{"start":{"line":149,"column":2},"end":{"line":149,"column":25}},"40":{"start":{"line":156,"column":2},"end":{"line":170,"column":3}},"41":{"start":{"line":157,"column":4},"end":{"line":159,"column":5}},"42":{"start":{"line":158,"column":6},"end":{"line":158,"column":55}},"43":{"start":{"line":161,"column":23},"end":{"line":164,"column":6}},"44":{"start":{"line":166,"column":4},"end":{"line":166,"column":22}},"45":{"start":{"line":168,"column":4},"end":{"line":168,"column":52}},"46":{"start":{"line":169,"column":4},"end":{"line":169,"column":80}},"47":{"start":{"line":178,"column":2},"end":{"line":256,"column":3}},"48":{"start":{"line":179,"column":22},"end":{"line":179,"column":23}},"49":{"start":{"line":180,"column":24},"end":{"line":180,"column":58}},"50":{"start":{"line":182,"column":26},"end":{"line":182,"column":93}},"51":{"start":{"line":183,"column":18},"end":{"line":183,"column":43}},"52":{"start":{"line":185,"column":29},"end":{"line":185,"column":50}},"53":{"start":{"line":186,"column":23},"end":{"line":186,"column":32}},"54":{"start":{"line":187,"column":4},"end":{"line":187,"column":78}},"55":{"start":{"line":187,"column":34},"end":{"line":187,"column":76}},"56":{"start":{"line":189,"column":4},"end":{"line":250,"column":7}},"57":{"start":{"line":190,"column":6},"end":{"line":190,"column":58}},"58":{"start":{"line":190,"column":51},"end":{"line":190,"column":58}},"59":{"start":{"line":192,"column":24},"end":{"line":192,"column":40}},"60":{"start":{"line":193,"column":21},"end":{"line":193,"column":23}},"61":{"start":{"line":195,"column":6},"end":{"line":203,"column":7}},"62":{"start":{"line":196,"column":22},"end":{"line":196,"column":46}},"63":{"start":{"line":197,"column":8},"end":{"line":197,"column":38}},"64":{"start":{"line":198,"column":8},"end":{"line":202,"column":9}},"65":{"start":{"line":199,"column":10},"end":{"line":199,"column":49}},"66":{"start":{"line":201,"column":10},"end":{"line":201,"column":99}},"67":{"start":{"line":205,"column":22},"end":{"line":205,"column":26}},"68":{"start":{"line":206,"column":24},"end":{"line":206,"column":73}},"69":{"start":{"line":208,"column":6},"end":{"line":219,"column":7}},"70":{"start":{"line":209,"column":26},"end":{"line":209,"column":51}},"71":{"start":{"line":210,"column":8},"end":{"line":218,"column":9}},"72":{"start":{"line":211,"column":10},"end":{"line":211,"column":48}},"73":{"start":{"line":213,"column":29},"end":{"line":213,"column":117}},"74":{"start":{"line":214,"column":10},"end":{"line":217,"column":11}},"75":{"start":{"line":215,"column":12},"end":{"line":215,"column":38}},"76":{"start":{"line":216,"column":12},"end":{"line":216,"column":53}},"77":{"start":{"line":221,"column":28},"end":{"line":221,"column":93}},"78":{"start":{"line":223,"column":6},"end":{"line":225,"column":7}},"79":{"start":{"line":224,"column":8},"end":{"line":224,"column":40}},"80":{"start":{"line":227,"column":22},"end":{"line":237,"column":7}},"81":{"start":{"line":239,"column":6},"end":{"line":241,"column":7}},"82":{"start":{"line":240,"column":8},"end":{"line":240,"column":87}},"83":{"start":{"line":242,"column":6},"end":{"line":246,"column":7}},"84":{"start":{"line":243,"column":8},"end":{"line":243,"column":83}},"85":{"start":{"line":244,"column":13},"end":{"line":246,"column":7}},"86":{"start":{"line":245,"column":8},"end":{"line":245,"column":74}},"87":{"start":{"line":248,"column":6},"end":{"line":248,"column":28}},"88":{"start":{"line":249,"column":6},"end":{"line":249,"column":20}},"89":{"start":{"line":252,"column":4},"end":{"line":252,"column":23}},"90":{"start":{"line":254,"column":4},"end":{"line":254,"column":45}},"91":{"start":{"line":255,"column":4},"end":{"line":255,"column":72}},"92":{"start":{"line":260,"column":2},"end":{"line":361,"column":3}},"93":{"start":{"line":261,"column":17},"end":{"line":261,"column":47}},"94":{"start":{"line":262,"column":4},"end":{"line":262,"column":84}},"95":{"start":{"line":262,"column":25},"end":{"line":262,"column":84}},"96":{"start":{"line":264,"column":20},"end":{"line":264,"column":60}},"97":{"start":{"line":264,"column":37},"end":{"line":264,"column":59}},"98":{"start":{"line":265,"column":17},"end":{"line":265,"column":30}},"99":{"start":{"line":267,"column":24},"end":{"line":267,"column":58}},"100":{"start":{"line":268,"column":22},"end":{"line":268,"column":23}},"101":{"start":{"line":270,"column":29},"end":{"line":270,"column":50}},"102":{"start":{"line":271,"column":23},"end":{"line":271,"column":32}},"103":{"start":{"line":272,"column":4},"end":{"line":272,"column":78}},"104":{"start":{"line":272,"column":34},"end":{"line":272,"column":76}},"105":{"start":{"line":274,"column":4},"end":{"line":354,"column":7}},"106":{"start":{"line":275,"column":22},"end":{"line":275,"column":24}},"107":{"start":{"line":276,"column":6},"end":{"line":278,"column":9}},"108":{"start":{"line":277,"column":8},"end":{"line":277,"column":37}},"109":{"start":{"line":281,"column":18},"end":{"line":281,"column":20}},"110":{"start":{"line":283,"column":24},"end":{"line":283,"column":26}},"111":{"start":{"line":284,"column":19},"end":{"line":284,"column":25}},"112":{"start":{"line":286,"column":24},"end":{"line":286,"column":26}},"113":{"start":{"line":288,"column":26},"end":{"line":288,"column":30}},"114":{"start":{"line":290,"column":6},"end":{"line":315,"column":7}},"115":{"start":{"line":291,"column":8},"end":{"line":291,"column":57}},"116":{"start":{"line":292,"column":8},"end":{"line":292,"column":45}},"117":{"start":{"line":293,"column":8},"end":{"line":293,"column":48}},"118":{"start":{"line":294,"column":8},"end":{"line":294,"column":81}},"119":{"start":{"line":296,"column":11},"end":{"line":315,"column":7}},"120":{"start":{"line":297,"column":8},"end":{"line":297,"column":63}},"121":{"start":{"line":298,"column":8},"end":{"line":298,"column":56}},"122":{"start":{"line":299,"column":8},"end":{"line":299,"column":50}},"123":{"start":{"line":300,"column":8},"end":{"line":300,"column":63}},"124":{"start":{"line":301,"column":8},"end":{"line":301,"column":72}},"125":{"start":{"line":303,"column":11},"end":{"line":315,"column":7}},"126":{"start":{"line":304,"column":8},"end":{"line":304,"column":60}},"127":{"start":{"line":305,"column":8},"end":{"line":305,"column":51}},"128":{"start":{"line":306,"column":8},"end":{"line":306,"column":52}},"129":{"start":{"line":307,"column":8},"end":{"line":307,"column":106}},"130":{"start":{"line":308,"column":8},"end":{"line":308,"column":52}},"131":{"start":{"line":311,"column":8},"end":{"line":311,"column":90}},"132":{"start":{"line":312,"column":8},"end":{"line":312,"column":71}},"133":{"start":{"line":313,"column":8},"end":{"line":313,"column":47}},"134":{"start":{"line":314,"column":8},"end":{"line":314,"column":72}},"135":{"start":{"line":317,"column":6},"end":{"line":317,"column":48}},"136":{"start":{"line":317,"column":41},"end":{"line":317,"column":48}},"137":{"start":{"line":319,"column":22},"end":{"line":319,"column":26}},"138":{"start":{"line":320,"column":6},"end":{"line":331,"column":7}},"139":{"start":{"line":321,"column":26},"end":{"line":321,"column":58}},"140":{"start":{"line":322,"column":8},"end":{"line":330,"column":9}},"141":{"start":{"line":323,"column":10},"end":{"line":323,"column":48}},"142":{"start":{"line":325,"column":29},"end":{"line":325,"column":116}},"143":{"start":{"line":326,"column":10},"end":{"line":329,"column":11}},"144":{"start":{"line":327,"column":12},"end":{"line":327,"column":38}},"145":{"start":{"line":328,"column":12},"end":{"line":328,"column":53}},"146":{"start":{"line":333,"column":6},"end":{"line":340,"column":7}},"147":{"start":{"line":334,"column":8},"end":{"line":334,"column":59}},"148":{"start":{"line":335,"column":8},"end":{"line":337,"column":9}},"149":{"start":{"line":336,"column":10},"end":{"line":336,"column":42}},"150":{"start":{"line":339,"column":8},"end":{"line":339,"column":29}},"151":{"start":{"line":342,"column":22},"end":{"line":350,"column":7}},"152":{"start":{"line":352,"column":6},"end":{"line":352,"column":28}},"153":{"start":{"line":353,"column":6},"end":{"line":353,"column":20}},"154":{"start":{"line":356,"column":4},"end":{"line":356,"column":49}},"155":{"start":{"line":359,"column":4},"end":{"line":359,"column":46}},"156":{"start":{"line":360,"column":4},"end":{"line":360,"column":77}},"157":{"start":{"line":373,"column":2},"end":{"line":390,"column":3}},"158":{"start":{"line":374,"column":18},"end":{"line":374,"column":66}},"159":{"start":{"line":375,"column":24},"end":{"line":375,"column":43}},"160":{"start":{"line":377,"column":18},"end":{"line":377,"column":36}},"161":{"start":{"line":379,"column":4},"end":{"line":384,"column":5}},"162":{"start":{"line":380,"column":6},"end":{"line":380,"column":49}},"163":{"start":{"line":381,"column":6},"end":{"line":381,"column":30}},"164":{"start":{"line":383,"column":6},"end":{"line":383,"column":107}},"165":{"start":{"line":386,"column":4},"end":{"line":386,"column":19}},"166":{"start":{"line":388,"column":4},"end":{"line":388,"column":52}},"167":{"start":{"line":389,"column":4},"end":{"line":389,"column":85}},"168":{"start":{"line":401,"column":2},"end":{"line":425,"column":3}},"169":{"start":{"line":402,"column":4},"end":{"line":402,"column":96}},"170":{"start":{"line":402,"column":51},"end":{"line":402,"column":96}},"171":{"start":{"line":404,"column":18},"end":{"line":404,"column":66}},"172":{"start":{"line":407,"column":28},"end":{"line":407,"column":46}},"173":{"start":{"line":409,"column":4},"end":{"line":419,"column":5}},"174":{"start":{"line":411,"column":22},"end":{"line":414,"column":7}},"175":{"start":{"line":415,"column":6},"end":{"line":415,"column":38}},"176":{"start":{"line":418,"column":6},"end":{"line":418,"column":76}},"177":{"start":{"line":421,"column":4},"end":{"line":421,"column":16}},"178":{"start":{"line":423,"column":4},"end":{"line":423,"column":52}},"179":{"start":{"line":424,"column":4},"end":{"line":424,"column":78}},"180":{"start":{"line":432,"column":2},"end":{"line":438,"column":3}},"181":{"start":{"line":433,"column":18},"end":{"line":433,"column":37}},"182":{"start":{"line":434,"column":4},"end":{"line":434,"column":35}},"183":{"start":{"line":434,"column":26},"end":{"line":434,"column":33}},"184":{"start":{"line":436,"column":4},"end":{"line":436,"column":64}},"185":{"start":{"line":437,"column":4},"end":{"line":437,"column":14}},"186":{"start":{"line":441,"column":0},"end":{"line":458,"column":1}},"187":{"start":{"line":442,"column":2},"end":{"line":457,"column":4}}},"fnMap":{"0":{"name":"doGet","decl":{"start":{"line":7,"column":9},"end":{"line":7,"column":14}},"loc":{"start":{"line":7,"column":18},"end":{"line":13,"column":1}},"line":7},"1":{"name":"getDashboardData","decl":{"start":{"line":18,"column":9},"end":{"line":18,"column":25}},"loc":{"start":{"line":18,"column":28},"end":{"line":44,"column":1}},"line":18},"2":{"name":"(anonymous_2)","decl":{"start":{"line":23,"column":29},"end":{"line":23,"column":30}},"loc":{"start":{"line":23,"column":38},"end":{"line":39,"column":5}},"line":23},"3":{"name":"createDashboardTask","decl":{"start":{"line":50,"column":9},"end":{"line":50,"column":28}},"loc":{"start":{"line":50,"column":39},"end":{"line":74,"column":1}},"line":50},"4":{"name":"updateDashboardTaskStatus","decl":{"start":{"line":80,"column":9},"end":{"line":80,"column":34}},"loc":{"start":{"line":80,"column":54},"end":{"line":96,"column":1}},"line":80},"5":{"name":"updateDashboardTaskDetails","decl":{"start":{"line":102,"column":9},"end":{"line":102,"column":35}},"loc":{"start":{"line":102,"column":57},"end":{"line":122,"column":1}},"line":102},"6":{"name":"deleteTask","decl":{"start":{"line":127,"column":9},"end":{"line":127,"column":19}},"loc":{"start":{"line":127,"column":28},"end":{"line":134,"column":1}},"line":127},"7":{"name":"isValidUUID","decl":{"start":{"line":139,"column":9},"end":{"line":139,"column":20}},"loc":{"start":{"line":139,"column":26},"end":{"line":143,"column":1}},"line":139},"8":{"name":"getDashboardProjects","decl":{"start":{"line":148,"column":9},"end":{"line":148,"column":29}},"loc":{"start":{"line":148,"column":32},"end":{"line":150,"column":1}},"line":148},"9":{"name":"createNewProject","decl":{"start":{"line":155,"column":9},"end":{"line":155,"column":25}},"loc":{"start":{"line":155,"column":59},"end":{"line":171,"column":1}},"line":155},"10":{"name":"migrateLegacyGoogleTasks","decl":{"start":{"line":177,"column":9},"end":{"line":177,"column":33}},"loc":{"start":{"line":177,"column":36},"end":{"line":257,"column":1}},"line":177},"11":{"name":"(anonymous_11)","decl":{"start":{"line":187,"column":29},"end":{"line":187,"column":30}},"loc":{"start":{"line":187,"column":34},"end":{"line":187,"column":76}},"line":187},"12":{"name":"(anonymous_12)","decl":{"start":{"line":189,"column":18},"end":{"line":189,"column":19}},"loc":{"start":{"line":189,"column":26},"end":{"line":250,"column":5}},"line":189},"13":{"name":"processCSVImport","decl":{"start":{"line":259,"column":9},"end":{"line":259,"column":25}},"loc":{"start":{"line":259,"column":48},"end":{"line":362,"column":1}},"line":259},"14":{"name":"(anonymous_14)","decl":{"start":{"line":264,"column":32},"end":{"line":264,"column":33}},"loc":{"start":{"line":264,"column":37},"end":{"line":264,"column":59}},"line":264},"15":{"name":"(anonymous_15)","decl":{"start":{"line":272,"column":29},"end":{"line":272,"column":30}},"loc":{"start":{"line":272,"column":34},"end":{"line":272,"column":76}},"line":272},"16":{"name":"(anonymous_16)","decl":{"start":{"line":274,"column":17},"end":{"line":274,"column":18}},"loc":{"start":{"line":274,"column":24},"end":{"line":354,"column":5}},"line":274},"17":{"name":"(anonymous_17)","decl":{"start":{"line":276,"column":22},"end":{"line":276,"column":23}},"loc":{"start":{"line":276,"column":41},"end":{"line":278,"column":7}},"line":276},"18":{"name":"ensureCurrentUserProfile","decl":{"start":{"line":372,"column":9},"end":{"line":372,"column":33}},"loc":{"start":{"line":372,"column":36},"end":{"line":391,"column":1}},"line":372},"19":{"name":"submitUserOnboarding","decl":{"start":{"line":400,"column":9},"end":{"line":400,"column":29}},"loc":{"start":{"line":400,"column":59},"end":{"line":426,"column":1}},"line":400},"20":{"name":"getWorkspaceDirectoryEmails","decl":{"start":{"line":431,"column":9},"end":{"line":431,"column":36}},"loc":{"start":{"line":431,"column":39},"end":{"line":439,"column":1}},"line":431},"21":{"name":"(anonymous_21)","decl":{"start":{"line":434,"column":21},"end":{"line":434,"column":22}},"loc":{"start":{"line":434,"column":26},"end":{"line":434,"column":33}},"line":434}},"branchMap":{"0":{"loc":{"start":{"line":21,"column":4},"end":{"line":21,"column":34}},"type":"if","locations":[{"start":{"line":21,"column":4},"end":{"line":21,"column":34}},{"start":{},"end":{}}],"line":21},"1":{"loc":{"start":{"line":26,"column":13},"end":{"line":26,"column":29}},"type":"binary-expr","locations":[{"start":{"line":26,"column":13},"end":{"line":26,"column":23}},{"start":{"line":26,"column":27},"end":{"line":26,"column":29}}],"line":26},"2":{"loc":{"start":{"line":27,"column":19},"end":{"line":27,"column":41}},"type":"binary-expr","locations":[{"start":{"line":27,"column":19},"end":{"line":27,"column":35}},{"start":{"line":27,"column":39},"end":{"line":27,"column":41}}],"line":27},"3":{"loc":{"start":{"line":29,"column":15},"end":{"line":29,"column":54}},"type":"cond-expr","locations":[{"start":{"line":29,"column":31},"end":{"line":29,"column":49}},{"start":{"line":29,"column":52},"end":{"line":29,"column":54}}],"line":29},"4":{"loc":{"start":{"line":30,"column":18},"end":{"line":30,"column":39}},"type":"binary-expr","locations":[{"start":{"line":30,"column":18},"end":{"line":30,"column":33}},{"start":{"line":30,"column":37},"end":{"line":30,"column":39}}],"line":30},"5":{"loc":{"start":{"line":31,"column":16},"end":{"line":31,"column":35}},"type":"binary-expr","locations":[{"start":{"line":31,"column":16},"end":{"line":31,"column":29}},{"start":{"line":31,"column":33},"end":{"line":31,"column":35}}],"line":31},"6":{"loc":{"start":{"line":32,"column":14},"end":{"line":32,"column":35}},"type":"binary-expr","locations":[{"start":{"line":32,"column":14},"end":{"line":32,"column":25}},{"start":{"line":32,"column":29},"end":{"line":32,"column":35}}],"line":32},"7":{"loc":{"start":{"line":33,"column":16},"end":{"line":33,"column":41}},"type":"binary-expr","locations":[{"start":{"line":33,"column":16},"end":{"line":33,"column":29}},{"start":{"line":33,"column":33},"end":{"line":33,"column":41}}],"line":33},"8":{"loc":{"start":{"line":34,"column":12},"end":{"line":34,"column":34}},"type":"binary-expr","locations":[{"start":{"line":34,"column":12},"end":{"line":34,"column":21}},{"start":{"line":34,"column":25},"end":{"line":34,"column":34}}],"line":34},"9":{"loc":{"start":{"line":35,"column":18},"end":{"line":35,"column":39}},"type":"binary-expr","locations":[{"start":{"line":35,"column":18},"end":{"line":35,"column":33}},{"start":{"line":35,"column":37},"end":{"line":35,"column":39}}],"line":35},"10":{"loc":{"start":{"line":36,"column":16},"end":{"line":36,"column":35}},"type":"binary-expr","locations":[{"start":{"line":36,"column":16},"end":{"line":36,"column":29}},{"start":{"line":36,"column":33},"end":{"line":36,"column":35}}],"line":36},"11":{"loc":{"start":{"line":37,"column":18},"end":{"line":37,"column":39}},"type":"binary-expr","locations":[{"start":{"line":37,"column":18},"end":{"line":37,"column":33}},{"start":{"line":37,"column":37},"end":{"line":37,"column":39}}],"line":37},"12":{"loc":{"start":{"line":38,"column":18},"end":{"line":38,"column":39}},"type":"binary-expr","locations":[{"start":{"line":38,"column":18},"end":{"line":38,"column":33}},{"start":{"line":38,"column":37},"end":{"line":38,"column":39}}],"line":38},"13":{"loc":{"start":{"line":55,"column":13},"end":{"line":55,"column":41}},"type":"binary-expr","locations":[{"start":{"line":55,"column":13},"end":{"line":55,"column":27}},{"start":{"line":55,"column":31},"end":{"line":55,"column":41}}],"line":55},"14":{"loc":{"start":{"line":56,"column":19},"end":{"line":56,"column":45}},"type":"binary-expr","locations":[{"start":{"line":56,"column":19},"end":{"line":56,"column":39}},{"start":{"line":56,"column":43},"end":{"line":56,"column":45}}],"line":56},"15":{"loc":{"start":{"line":58,"column":16},"end":{"line":58,"column":41}},"type":"binary-expr","locations":[{"start":{"line":58,"column":16},"end":{"line":58,"column":33}},{"start":{"line":58,"column":37},"end":{"line":58,"column":41}}],"line":58},"16":{"loc":{"start":{"line":59,"column":14},"end":{"line":59,"column":39}},"type":"binary-expr","locations":[{"start":{"line":59,"column":14},"end":{"line":59,"column":29}},{"start":{"line":59,"column":33},"end":{"line":59,"column":39}}],"line":59},"17":{"loc":{"start":{"line":60,"column":16},"end":{"line":60,"column":45}},"type":"binary-expr","locations":[{"start":{"line":60,"column":16},"end":{"line":60,"column":33}},{"start":{"line":60,"column":37},"end":{"line":60,"column":45}}],"line":60},"18":{"loc":{"start":{"line":61,"column":12},"end":{"line":61,"column":38}},"type":"binary-expr","locations":[{"start":{"line":61,"column":12},"end":{"line":61,"column":25}},{"start":{"line":61,"column":29},"end":{"line":61,"column":38}}],"line":61},"19":{"loc":{"start":{"line":62,"column":18},"end":{"line":62,"column":66}},"type":"cond-expr","locations":[{"start":{"line":62,"column":40},"end":{"line":62,"column":59}},{"start":{"line":62,"column":62},"end":{"line":62,"column":66}}],"line":62},"20":{"loc":{"start":{"line":63,"column":16},"end":{"line":63,"column":60}},"type":"cond-expr","locations":[{"start":{"line":63,"column":36},"end":{"line":63,"column":53}},{"start":{"line":63,"column":56},"end":{"line":63,"column":60}}],"line":63},"21":{"loc":{"start":{"line":64,"column":18},"end":{"line":64,"column":79}},"type":"cond-expr","locations":[{"start":{"line":64,"column":53},"end":{"line":64,"column":72}},{"start":{"line":64,"column":75},"end":{"line":64,"column":79}}],"line":64},"22":{"loc":{"start":{"line":65,"column":18},"end":{"line":65,"column":79}},"type":"cond-expr","locations":[{"start":{"line":65,"column":53},"end":{"line":65,"column":72}},{"start":{"line":65,"column":75},"end":{"line":65,"column":79}}],"line":65},"23":{"loc":{"start":{"line":84,"column":4},"end":{"line":86,"column":5}},"type":"if","locations":[{"start":{"line":84,"column":4},"end":{"line":86,"column":5}},{"start":{},"end":{}}],"line":84},"24":{"loc":{"start":{"line":87,"column":4},"end":{"line":89,"column":5}},"type":"if","locations":[{"start":{"line":87,"column":4},"end":{"line":89,"column":5}},{"start":{},"end":{}}],"line":87},"25":{"loc":{"start":{"line":107,"column":16},"end":{"line":107,"column":44}},"type":"binary-expr","locations":[{"start":{"line":107,"column":16},"end":{"line":107,"column":36}},{"start":{"line":107,"column":40},"end":{"line":107,"column":44}}],"line":107},"26":{"loc":{"start":{"line":111,"column":18},"end":{"line":111,"column":72}},"type":"cond-expr","locations":[{"start":{"line":111,"column":43},"end":{"line":111,"column":65}},{"start":{"line":111,"column":68},"end":{"line":111,"column":72}}],"line":111},"27":{"loc":{"start":{"line":112,"column":16},"end":{"line":112,"column":66}},"type":"cond-expr","locations":[{"start":{"line":112,"column":39},"end":{"line":112,"column":59}},{"start":{"line":112,"column":62},"end":{"line":112,"column":66}}],"line":112},"28":{"loc":{"start":{"line":113,"column":18},"end":{"line":113,"column":85}},"type":"cond-expr","locations":[{"start":{"line":113,"column":56},"end":{"line":113,"column":78}},{"start":{"line":113,"column":81},"end":{"line":113,"column":85}}],"line":113},"29":{"loc":{"start":{"line":114,"column":18},"end":{"line":114,"column":85}},"type":"cond-expr","locations":[{"start":{"line":114,"column":56},"end":{"line":114,"column":78}},{"start":{"line":114,"column":81},"end":{"line":114,"column":85}}],"line":114},"30":{"loc":{"start":{"line":140,"column":2},"end":{"line":140,"column":25}},"type":"if","locations":[{"start":{"line":140,"column":2},"end":{"line":140,"column":25}},{"start":{},"end":{}}],"line":140},"31":{"loc":{"start":{"line":157,"column":4},"end":{"line":159,"column":5}},"type":"if","locations":[{"start":{"line":157,"column":4},"end":{"line":159,"column":5}},{"start":{},"end":{}}],"line":157},"32":{"loc":{"start":{"line":157,"column":8},"end":{"line":157,"column":49}},"type":"binary-expr","locations":[{"start":{"line":157,"column":8},"end":{"line":157,"column":20}},{"start":{"line":157,"column":24},"end":{"line":157,"column":49}}],"line":157},"33":{"loc":{"start":{"line":163,"column":19},"end":{"line":163,"column":70}},"type":"cond-expr","locations":[{"start":{"line":163,"column":40},"end":{"line":163,"column":65}},{"start":{"line":163,"column":68},"end":{"line":163,"column":70}}],"line":163},"34":{"loc":{"start":{"line":183,"column":18},"end":{"line":183,"column":43}},"type":"binary-expr","locations":[{"start":{"line":183,"column":18},"end":{"line":183,"column":37}},{"start":{"line":183,"column":41},"end":{"line":183,"column":43}}],"line":183},"35":{"loc":{"start":{"line":185,"column":29},"end":{"line":185,"column":50}},"type":"binary-expr","locations":[{"start":{"line":185,"column":29},"end":{"line":185,"column":44}},{"start":{"line":185,"column":48},"end":{"line":185,"column":50}}],"line":185},"36":{"loc":{"start":{"line":190,"column":6},"end":{"line":190,"column":58}},"type":"if","locations":[{"start":{"line":190,"column":6},"end":{"line":190,"column":58}},{"start":{},"end":{}}],"line":190},"37":{"loc":{"start":{"line":190,"column":10},"end":{"line":190,"column":49}},"type":"binary-expr","locations":[{"start":{"line":190,"column":10},"end":{"line":190,"column":21}},{"start":{"line":190,"column":25},"end":{"line":190,"column":49}}],"line":190},"38":{"loc":{"start":{"line":192,"column":24},"end":{"line":192,"column":40}},"type":"binary-expr","locations":[{"start":{"line":192,"column":24},"end":{"line":192,"column":34}},{"start":{"line":192,"column":38},"end":{"line":192,"column":40}}],"line":192},"39":{"loc":{"start":{"line":195,"column":6},"end":{"line":203,"column":7}},"type":"if","locations":[{"start":{"line":195,"column":6},"end":{"line":203,"column":7}},{"start":{},"end":{}}],"line":195},"40":{"loc":{"start":{"line":206,"column":24},"end":{"line":206,"column":73}},"type":"cond-expr","locations":[{"start":{"line":206,"column":43},"end":{"line":206,"column":66}},{"start":{"line":206,"column":69},"end":{"line":206,"column":73}}],"line":206},"41":{"loc":{"start":{"line":208,"column":6},"end":{"line":219,"column":7}},"type":"if","locations":[{"start":{"line":208,"column":6},"end":{"line":219,"column":7}},{"start":{},"end":{}}],"line":208},"42":{"loc":{"start":{"line":210,"column":8},"end":{"line":218,"column":9}},"type":"if","locations":[{"start":{"line":210,"column":8},"end":{"line":218,"column":9}},{"start":{"line":212,"column":15},"end":{"line":218,"column":9}}],"line":210},"43":{"loc":{"start":{"line":214,"column":10},"end":{"line":217,"column":11}},"type":"if","locations":[{"start":{"line":214,"column":10},"end":{"line":217,"column":11}},{"start":{},"end":{}}],"line":214},"44":{"loc":{"start":{"line":221,"column":28},"end":{"line":221,"column":93}},"type":"cond-expr","locations":[{"start":{"line":221,"column":48},"end":{"line":221,"column":79}},{"start":{"line":221,"column":82},"end":{"line":221,"column":93}}],"line":221},"45":{"loc":{"start":{"line":223,"column":6},"end":{"line":225,"column":7}},"type":"if","locations":[{"start":{"line":223,"column":6},"end":{"line":225,"column":7}},{"start":{},"end":{}}],"line":223},"46":{"loc":{"start":{"line":232,"column":16},"end":{"line":232,"column":87}},"type":"binary-expr","locations":[{"start":{"line":232,"column":16},"end":{"line":232,"column":31}},{"start":{"line":232,"column":36},"end":{"line":232,"column":86}}],"line":232},"47":{"loc":{"start":{"line":232,"column":36},"end":{"line":232,"column":86}},"type":"cond-expr","locations":[{"start":{"line":232,"column":66},"end":{"line":232,"column":77}},{"start":{"line":232,"column":80},"end":{"line":232,"column":86}}],"line":232},"48":{"loc":{"start":{"line":233,"column":18},"end":{"line":233,"column":47}},"type":"binary-expr","locations":[{"start":{"line":233,"column":18},"end":{"line":233,"column":35}},{"start":{"line":233,"column":39},"end":{"line":233,"column":47}}],"line":233},"49":{"loc":{"start":{"line":234,"column":14},"end":{"line":234,"column":40}},"type":"binary-expr","locations":[{"start":{"line":234,"column":14},"end":{"line":234,"column":27}},{"start":{"line":234,"column":31},"end":{"line":234,"column":40}}],"line":234},"50":{"loc":{"start":{"line":239,"column":6},"end":{"line":241,"column":7}},"type":"if","locations":[{"start":{"line":239,"column":6},"end":{"line":241,"column":7}},{"start":{},"end":{}}],"line":239},"51":{"loc":{"start":{"line":239,"column":10},"end":{"line":239,"column":80}},"type":"binary-expr","locations":[{"start":{"line":239,"column":10},"end":{"line":239,"column":29}},{"start":{"line":239,"column":33},"end":{"line":239,"column":80}}],"line":239},"52":{"loc":{"start":{"line":242,"column":6},"end":{"line":246,"column":7}},"type":"if","locations":[{"start":{"line":242,"column":6},"end":{"line":246,"column":7}},{"start":{"line":244,"column":13},"end":{"line":246,"column":7}}],"line":242},"53":{"loc":{"start":{"line":242,"column":10},"end":{"line":242,"column":76}},"type":"binary-expr","locations":[{"start":{"line":242,"column":10},"end":{"line":242,"column":27}},{"start":{"line":242,"column":31},"end":{"line":242,"column":76}}],"line":242},"54":{"loc":{"start":{"line":244,"column":13},"end":{"line":246,"column":7}},"type":"if","locations":[{"start":{"line":244,"column":13},"end":{"line":246,"column":7}},{"start":{},"end":{}}],"line":244},"55":{"loc":{"start":{"line":262,"column":4},"end":{"line":262,"column":84}},"type":"if","locations":[{"start":{"line":262,"column":4},"end":{"line":262,"column":84}},{"start":{},"end":{}}],"line":262},"56":{"loc":{"start":{"line":270,"column":29},"end":{"line":270,"column":50}},"type":"binary-expr","locations":[{"start":{"line":270,"column":29},"end":{"line":270,"column":44}},{"start":{"line":270,"column":48},"end":{"line":270,"column":50}}],"line":270},"57":{"loc":{"start":{"line":290,"column":6},"end":{"line":315,"column":7}},"type":"if","locations":[{"start":{"line":290,"column":6},"end":{"line":315,"column":7}},{"start":{"line":296,"column":11},"end":{"line":315,"column":7}}],"line":290},"58":{"loc":{"start":{"line":291,"column":16},"end":{"line":291,"column":56}},"type":"binary-expr","locations":[{"start":{"line":291,"column":16},"end":{"line":291,"column":31}},{"start":{"line":291,"column":35},"end":{"line":291,"column":56}}],"line":291},"59":{"loc":{"start":{"line":292,"column":22},"end":{"line":292,"column":44}},"type":"binary-expr","locations":[{"start":{"line":292,"column":22},"end":{"line":292,"column":38}},{"start":{"line":292,"column":42},"end":{"line":292,"column":44}}],"line":292},"60":{"loc":{"start":{"line":293,"column":22},"end":{"line":293,"column":47}},"type":"binary-expr","locations":[{"start":{"line":293,"column":22},"end":{"line":293,"column":41}},{"start":{"line":293,"column":45},"end":{"line":293,"column":47}}],"line":293},"61":{"loc":{"start":{"line":294,"column":24},"end":{"line":294,"column":80}},"type":"binary-expr","locations":[{"start":{"line":294,"column":24},"end":{"line":294,"column":43}},{"start":{"line":294,"column":47},"end":{"line":294,"column":72}},{"start":{"line":294,"column":76},"end":{"line":294,"column":80}}],"line":294},"62":{"loc":{"start":{"line":296,"column":11},"end":{"line":315,"column":7}},"type":"if","locations":[{"start":{"line":296,"column":11},"end":{"line":315,"column":7}},{"start":{"line":303,"column":11},"end":{"line":315,"column":7}}],"line":296},"63":{"loc":{"start":{"line":297,"column":16},"end":{"line":297,"column":62}},"type":"binary-expr","locations":[{"start":{"line":297,"column":16},"end":{"line":297,"column":36}},{"start":{"line":297,"column":40},"end":{"line":297,"column":62}}],"line":297},"64":{"loc":{"start":{"line":298,"column":22},"end":{"line":298,"column":55}},"type":"binary-expr","locations":[{"start":{"line":298,"column":22},"end":{"line":298,"column":49}},{"start":{"line":298,"column":53},"end":{"line":298,"column":55}}],"line":298},"65":{"loc":{"start":{"line":299,"column":22},"end":{"line":299,"column":49}},"type":"binary-expr","locations":[{"start":{"line":299,"column":22},"end":{"line":299,"column":43}},{"start":{"line":299,"column":47},"end":{"line":299,"column":49}}],"line":299},"66":{"loc":{"start":{"line":300,"column":17},"end":{"line":300,"column":62}},"type":"cond-expr","locations":[{"start":{"line":300,"column":40},"end":{"line":300,"column":53}},{"start":{"line":300,"column":56},"end":{"line":300,"column":62}}],"line":300},"67":{"loc":{"start":{"line":301,"column":24},"end":{"line":301,"column":71}},"type":"binary-expr","locations":[{"start":{"line":301,"column":24},"end":{"line":301,"column":42}},{"start":{"line":301,"column":46},"end":{"line":301,"column":63}},{"start":{"line":301,"column":67},"end":{"line":301,"column":71}}],"line":301},"68":{"loc":{"start":{"line":303,"column":11},"end":{"line":315,"column":7}},"type":"if","locations":[{"start":{"line":303,"column":11},"end":{"line":315,"column":7}},{"start":{"line":310,"column":11},"end":{"line":315,"column":7}}],"line":303},"69":{"loc":{"start":{"line":304,"column":16},"end":{"line":304,"column":59}},"type":"binary-expr","locations":[{"start":{"line":304,"column":16},"end":{"line":304,"column":34}},{"start":{"line":304,"column":38},"end":{"line":304,"column":59}}],"line":304},"70":{"loc":{"start":{"line":305,"column":22},"end":{"line":305,"column":50}},"type":"binary-expr","locations":[{"start":{"line":305,"column":22},"end":{"line":305,"column":44}},{"start":{"line":305,"column":48},"end":{"line":305,"column":50}}],"line":305},"71":{"loc":{"start":{"line":306,"column":22},"end":{"line":306,"column":51}},"type":"binary-expr","locations":[{"start":{"line":306,"column":22},"end":{"line":306,"column":45}},{"start":{"line":306,"column":49},"end":{"line":306,"column":51}}],"line":306},"72":{"loc":{"start":{"line":307,"column":17},"end":{"line":307,"column":105}},"type":"cond-expr","locations":[{"start":{"line":307,"column":85},"end":{"line":307,"column":96}},{"start":{"line":307,"column":99},"end":{"line":307,"column":105}}],"line":307},"73":{"loc":{"start":{"line":307,"column":18},"end":{"line":307,"column":81}},"type":"binary-expr","locations":[{"start":{"line":307,"column":18},"end":{"line":307,"column":35}},{"start":{"line":307,"column":39},"end":{"line":307,"column":81}}],"line":307},"74":{"loc":{"start":{"line":308,"column":24},"end":{"line":308,"column":51}},"type":"binary-expr","locations":[{"start":{"line":308,"column":24},"end":{"line":308,"column":43}},{"start":{"line":308,"column":47},"end":{"line":308,"column":51}}],"line":308},"75":{"loc":{"start":{"line":311,"column":16},"end":{"line":311,"column":89}},"type":"binary-expr","locations":[{"start":{"line":311,"column":16},"end":{"line":311,"column":32}},{"start":{"line":311,"column":36},"end":{"line":311,"column":51}},{"start":{"line":311,"column":55},"end":{"line":311,"column":70}},{"start":{"line":311,"column":74},"end":{"line":311,"column":89}}],"line":311},"76":{"loc":{"start":{"line":312,"column":22},"end":{"line":312,"column":70}},"type":"binary-expr","locations":[{"start":{"line":312,"column":22},"end":{"line":312,"column":44}},{"start":{"line":312,"column":48},"end":{"line":312,"column":64}},{"start":{"line":312,"column":68},"end":{"line":312,"column":70}}],"line":312},"77":{"loc":{"start":{"line":313,"column":22},"end":{"line":313,"column":46}},"type":"binary-expr","locations":[{"start":{"line":313,"column":22},"end":{"line":313,"column":40}},{"start":{"line":313,"column":44},"end":{"line":313,"column":46}}],"line":313},"78":{"loc":{"start":{"line":314,"column":24},"end":{"line":314,"column":71}},"type":"binary-expr","locations":[{"start":{"line":314,"column":24},"end":{"line":314,"column":43}},{"start":{"line":314,"column":47},"end":{"line":314,"column":63}},{"start":{"line":314,"column":67},"end":{"line":314,"column":71}}],"line":314},"79":{"loc":{"start":{"line":317,"column":6},"end":{"line":317,"column":48}},"type":"if","locations":[{"start":{"line":317,"column":6},"end":{"line":317,"column":48}},{"start":{},"end":{}}],"line":317},"80":{"loc":{"start":{"line":317,"column":10},"end":{"line":317,"column":39}},"type":"binary-expr","locations":[{"start":{"line":317,"column":10},"end":{"line":317,"column":16}},{"start":{"line":317,"column":20},"end":{"line":317,"column":39}}],"line":317},"81":{"loc":{"start":{"line":320,"column":6},"end":{"line":331,"column":7}},"type":"if","locations":[{"start":{"line":320,"column":6},"end":{"line":331,"column":7}},{"start":{},"end":{}}],"line":320},"82":{"loc":{"start":{"line":320,"column":10},"end":{"line":320,"column":50}},"type":"binary-expr","locations":[{"start":{"line":320,"column":10},"end":{"line":320,"column":21}},{"start":{"line":320,"column":25},"end":{"line":320,"column":50}}],"line":320},"83":{"loc":{"start":{"line":322,"column":8},"end":{"line":330,"column":9}},"type":"if","locations":[{"start":{"line":322,"column":8},"end":{"line":330,"column":9}},{"start":{"line":324,"column":15},"end":{"line":330,"column":9}}],"line":322},"84":{"loc":{"start":{"line":326,"column":10},"end":{"line":329,"column":11}},"type":"if","locations":[{"start":{"line":326,"column":10},"end":{"line":329,"column":11}},{"start":{},"end":{}}],"line":326},"85":{"loc":{"start":{"line":333,"column":6},"end":{"line":340,"column":7}},"type":"if","locations":[{"start":{"line":333,"column":6},"end":{"line":340,"column":7}},{"start":{"line":338,"column":13},"end":{"line":340,"column":7}}],"line":333},"86":{"loc":{"start":{"line":333,"column":10},"end":{"line":333,"column":54}},"type":"binary-expr","locations":[{"start":{"line":333,"column":10},"end":{"line":333,"column":23}},{"start":{"line":333,"column":27},"end":{"line":333,"column":54}}],"line":333},"87":{"loc":{"start":{"line":335,"column":8},"end":{"line":337,"column":9}},"type":"if","locations":[{"start":{"line":335,"column":8},"end":{"line":337,"column":9}},{"start":{},"end":{}}],"line":335},"88":{"loc":{"start":{"line":379,"column":4},"end":{"line":384,"column":5}},"type":"if","locations":[{"start":{"line":379,"column":4},"end":{"line":384,"column":5}},{"start":{"line":382,"column":11},"end":{"line":384,"column":5}}],"line":379},"89":{"loc":{"start":{"line":383,"column":26},"end":{"line":383,"column":105}},"type":"binary-expr","locations":[{"start":{"line":383,"column":26},"end":{"line":383,"column":62}},{"start":{"line":383,"column":66},"end":{"line":383,"column":105}}],"line":383},"90":{"loc":{"start":{"line":402,"column":4},"end":{"line":402,"column":96}},"type":"if","locations":[{"start":{"line":402,"column":4},"end":{"line":402,"column":96}},{"start":{},"end":{}}],"line":402},"91":{"loc":{"start":{"line":402,"column":8},"end":{"line":402,"column":49}},"type":"binary-expr","locations":[{"start":{"line":402,"column":8},"end":{"line":402,"column":20}},{"start":{"line":402,"column":24},"end":{"line":402,"column":49}}],"line":402},"92":{"loc":{"start":{"line":409,"column":4},"end":{"line":419,"column":5}},"type":"if","locations":[{"start":{"line":409,"column":4},"end":{"line":419,"column":5}},{"start":{"line":416,"column":11},"end":{"line":419,"column":5}}],"line":409},"93":{"loc":{"start":{"line":413,"column":31},"end":{"line":413,"column":63}},"type":"binary-expr","locations":[{"start":{"line":413,"column":31},"end":{"line":413,"column":57}},{"start":{"line":413,"column":61},"end":{"line":413,"column":63}}],"line":413},"94":{"loc":{"start":{"line":418,"column":42},"end":{"line":418,"column":74}},"type":"binary-expr","locations":[{"start":{"line":418,"column":42},"end":{"line":418,"column":68}},{"start":{"line":418,"column":72},"end":{"line":418,"column":74}}],"line":418},"95":{"loc":{"start":{"line":441,"column":0},"end":{"line":458,"column":1}},"type":"if","locations":[{"start":{"line":441,"column":0},"end":{"line":458,"column":1}},{"start":{},"end":{}}],"line":441}},"s":{"0":0,"1":0,"2":0,"3":0,"4":0,"5":0,"6":0,"7":0,"8":0,"9":0,"10":0,"11":0,"12":0,"13":0,"14":0,"15":0,"16":0,"17":0,"18":0,"19":0,"20":0,"21":0,"22":0,"23":0,"24":0,"25":0,"26":0,"27":0,"28":0,"29":0,"30":0,"31":0,"32":0,"33":0,"34":0,"35":0,"36":0,"37":0,"38":0,"39":0,"40":0,"41":0,"42":0,"43":0,"44":0,"45":0,"46":0,"47":0,"48":0,"49":0,"50":0,"51":0,"52":0,"53":0,"54":0,"55":0,"56":0,"57":0,"58":0,"59":0,"60":0,"61":0,"62":0,"63":0,"64":0,"65":0,"66":0,"67":0,"68":0,"69":0,"70":0,"71":0,"72":0,"73":0,"74":0,"75":0,"76":0,"77":0,"78":0,"79":0,"80":0,"81":0,"82":0,"83":0,"84":0,"85":0,"86":0,"87":0,"88":0,"89":0,"90":0,"91":0,"92":0,"93":0,"94":0,"95":0,"96":0,"97":0,"98":0,"99":0,"100":0,"101":0,"102":0,"103":0,"104":0,"105":0,"106":0,"107":0,"108":0,"109":0,"110":0,"111":0,"112":0,"113":0,"114":0,"115":0,"116":0,"117":0,"118":0,"119":0,"120":0,"121":0,"122":0,"123":0,"124":0,"125":0,"126":0,"127":0,"128":0,"129":0,"130":0,"131":0,"132":0,"133":0,"134":0,"135":0,"136":0,"137":0,"138":0,"139":0,"140":0,"141":0,"142":0,"143":0,"144":0,"145":0,"146":0,"147":0,"148":0,"149":0,"150":0,"151":0,"152":0,"153":0,"154":0,"155":0,"156":0,"157":0,"158":0,"159":0,"160":0,"161":0,"162":0,"163":0,"164":0,"165":0,"166":0,"167":0,"168":0,"169":0,"170":0,"171":0,"172":0,"173":0,"174":0,"175":0,"176":0,"177":0,"178":0,"179":0,"180":0,"181":0,"182":0,"183":0,"184":0,"185":0,"186":0,"187":0},"f":{"0":0,"1":0,"2":0,"3":0,"4":0,"5":0,"6":0,"7":0,"8":0,"9":0,"10":0,"11":0,"12":0,"13":0,"14":0,"15":0,"16":0,"17":0,"18":0,"19":0,"20":0,"21":0},"b":{"0":[0,0],"1":[0,0],"2":[0,0],"3":[0,0],"4":[0,0],"5":[0,0],"6":[0,0],"7":[0,0],"8":[0,0],"9":[0,0],"10":[0,0],"11":[0,0],"12":[0,0],"13":[0,0],"14":[0,0],"15":[0,0],"16":[0,0],"17":[0,0],"18":[0,0],"19":[0,0],"20":[0,0],"21":[0,0],"22":[0,0],"23":[0,0],"24":[0,0],"25":[0,0],"26":[0,0],"27":[0,0],"28":[0,0],"29":[0,0],"30":[0,0],"31":[0,0],"32":[0,0],"33":[0,0],"34":[0,0],"35":[0,0],"36":[0,0],"37":[0,0],"38":[0,0],"39":[0,0],"40":[0,0],"41":[0,0],"42":[0,0],"43":[0,0],"44":[0,0],"45":[0,0],"46":[0,0],"47":[0,0],"48":[0,0],"49":[0,0],"50":[0,0],"51":[0,0],"52":[0,0],"53":[0,0],"54":[0,0],"55":[0,0],"56":[0,0],"57":[0,0],"58":[0,0],"59":[0,0],"60":[0,0],"61":[0,0,0],"62":[0,0],"63":[0,0],"64":[0,0],"65":[0,0],"66":[0,0],"67":[0,0,0],"68":[0,0],"69":[0,0],"70":[0,0],"71":[0,0],"72":[0,0],"73":[0,0],"74":[0,0],"75":[0,0,0,0],"76":[0,0,0],"77":[0,0],"78":[0,0,0],"79":[0,0],"80":[0,0],"81":[0,0],"82":[0,0],"83":[0,0],"84":[0,0],"85":[0,0],"86":[0,0],"87":[0,0],"88":[0,0],"89":[0,0],"90":[0,0],"91":[0,0],"92":[0,0],"93":[0,0],"94":[0,0],"95":[0,0]}}
}
