TN:
SF:src/Code.js
FNF:0
FNH:0
LF:0
LH:0
BRF:0
BRH:0
end_of_record
TN:
SF:src/user_interface.js
FN:11,buildDashboardCard
FN:53,(anonymous_1)
FN:74,(anonymous_2)
FN:90,(anonymous_3)
FN:94,(anonymous_4)
FN:107,buildTaskCard
FN:119,(anonymous_6)
FN:133,(anonymous_7)
FN:160,(anonymous_8)
FN:225,(anonymous_9)
FN:248,createTaskRowWidget
FNF:11
FNH:0
FNDA:0,buildDashboardCard
FNDA:0,(anonymous_1)
FNDA:0,(anonymous_2)
FNDA:0,(anonymous_3)
FNDA:0,(anonymous_4)
FNDA:0,buildTaskCard
FNDA:0,(anonymous_6)
FNDA:0,(anonymous_7)
FNDA:0,(anonymous_8)
FNDA:0,(anonymous_9)
FNDA:0,createTaskRowWidget
DA:12,0
DA:14,0
DA:21,0
DA:24,0
DA:25,0
DA:34,0
DA:35,0
DA:37,0
DA:40,0
DA:46,0
DA:47,0
DA:53,0
DA:54,0
DA:56,0
DA:58,0
DA:63,0
DA:70,0
DA:73,0
DA:74,0
DA:76,0
DA:77,0
DA:78,0
DA:81,0
DA:83,0
DA:84,0
DA:86,0
DA:90,0
DA:91,0
DA:92,0
DA:94,0
DA:95,0
DA:98,0
DA:101,0
DA:108,0
DA:110,0
DA:111,0
DA:118,0
DA:119,0
DA:120,0
DA:122,0
DA:123,0
DA:130,0
DA:131,0
DA:132,0
DA:133,0
DA:135,0
DA:138,0
DA:139,0
DA:142,0
DA:147,0
DA:154,0
DA:160,0
DA:161,0
DA:163,0
DA:166,0
DA:171,0
DA:172,0
DA:174,0
DA:177,0
DA:186,0
DA:196,0
DA:206,0
DA:207,0
DA:208,0
DA:210,0
DA:212,0
DA:213,0
DA:214,0
DA:216,0
DA:219,0
DA:225,0
DA:226,0
DA:227,0
DA:230,0
DA:233,0
DA:240,0
DA:249,0
DA:253,0
LF:78
LH:0
BRDA:35,0,0,0
BRDA:35,0,1,0
BRDA:35,1,0,0
BRDA:35,1,1,0
BRDA:35,1,2,0
BRDA:46,2,0,0
BRDA:46,2,1,0
BRDA:70,3,0,0
BRDA:70,3,1,0
BRDA:76,4,0,0
BRDA:76,4,1,0
BRDA:76,5,0,0
BRDA:76,5,1,0
BRDA:77,6,0,0
BRDA:77,6,1,0
BRDA:83,7,0,0
BRDA:83,7,1,0
BRDA:110,8,0,0
BRDA:110,8,1,0
BRDA:118,9,0,0
BRDA:118,9,1,0
BRDA:120,10,0,0
BRDA:120,10,1,0
BRDA:122,11,0,0
BRDA:122,11,1,0
BRDA:145,12,0,0
BRDA:145,12,1,0
BRDA:151,13,0,0
BRDA:151,13,1,0
BRDA:169,14,0,0
BRDA:169,14,1,0
BRDA:171,15,0,0
BRDA:171,15,1,0
BRDA:181,16,0,0
BRDA:181,16,1,0
BRDA:191,17,0,0
BRDA:191,17,1,0
BRDA:200,18,0,0
BRDA:200,18,1,0
BRDA:207,19,0,0
BRDA:207,19,1,0
BRDA:213,20,0,0
BRDA:213,20,1,0
BRDA:226,21,0,0
BRDA:226,21,1,0
BRDA:226,22,0,0
BRDA:226,22,1,0
BRDA:249,23,0,0
BRDA:249,23,1,0
BRDA:255,24,0,0
BRDA:255,24,1,0
BRF:51
BRH:0
end_of_record
TN:
SF:src/backend/addon_handlers.js
FN:9,onHomepage
FN:19,showTaskEditor
FN:29,handleCreateFromHome
FN:55,handleSave
FNF:4
FNH:0
FNDA:0,onHomepage
FNDA:0,showTaskEditor
FNDA:0,handleCreateFromHome
FNDA:0,handleSave
DA:12,0
DA:20,0
DA:21,0
DA:30,0
DA:31,0
DA:33,0
DA:34,0
DA:36,0
DA:44,0
DA:46,0
DA:56,0
DA:57,0
DA:59,0
DA:60,0
DA:62,0
DA:74,0
DA:75,0
DA:77,0
DA:78,0
DA:81,0
DA:83,0
LF:21
LH:0
BRDA:31,0,0,0
BRDA:31,0,1,0
BRDA:33,1,0,0
BRDA:33,1,1,0
BRDA:34,2,0,0
BRDA:34,2,1,0
BRDA:59,3,0,0
BRDA:59,3,1,0
BRDA:60,4,0,0
BRDA:60,4,1,0
BRDA:63,5,0,0
BRDA:63,5,1,0
BRDA:64,6,0,0
BRDA:64,6,1,0
BRDA:65,7,0,0
BRDA:65,7,1,0
BRDA:66,8,0,0
BRDA:66,8,1,0
BRDA:67,9,0,0
BRDA:67,9,1,0
BRDA:68,10,0,0
BRDA:68,10,1,0
BRDA:69,11,0,0
BRDA:69,11,1,0
BRDA:70,12,0,0
BRDA:70,12,1,0
BRDA:74,13,0,0
BRDA:74,13,1,0
BRDA:77,14,0,0
BRDA:77,14,1,0
BRF:30
BRH:0
end_of_record
TN:
SF:src/backend/supabase.js
FN:32,getSupabaseHeaders
FN:56,supabaseRequest
FN:92,dbGetTasks
FN:100,dbCreateTask
FN:110,dbUpdateTask
FN:119,dbDeleteTask
FN:128,dbGetProjects
FN:138,(anonymous_7)
FN:142,(anonymous_8)
FN:149,(anonymous_9)
FN:156,dbCreateProject
FN:175,dbCheckMyProfile
FN:190,dbCreateProfile
FN:208,dbUpdateProfile
FN:217,dbInviteTeammate
FNF:15
FNH:0
FNDA:0,getSupabaseHeaders
FNDA:0,supabaseRequest
FNDA:0,dbGetTasks
FNDA:0,dbCreateTask
FNDA:0,dbUpdateTask
FNDA:0,dbDeleteTask
FNDA:0,dbGetProjects
FNDA:0,(anonymous_7)
FNDA:0,(anonymous_8)
FNDA:0,(anonymous_9)
FNDA:0,dbCreateProject
FNDA:0,dbCheckMyProfile
FNDA:0,dbCreateProfile
FNDA:0,dbUpdateProfile
FNDA:0,dbInviteTeammate
DA:33,0
DA:34,0
DA:35,0
DA:37,0
DA:38,0
DA:41,0
DA:57,0
DA:58,0
DA:60,0
DA:62,0
DA:65,0
DA:71,0
DA:72,0
DA:75,0
DA:76,0
DA:77,0
DA:79,0
DA:80,0
DA:82,0
DA:83,0
DA:93,0
DA:101,0
DA:102,0
DA:111,0
DA:112,0
DA:120,0
DA:129,0
DA:130,0
DA:132,0
DA:133,0
DA:135,0
DA:137,0
DA:138,0
DA:141,0
DA:142,0
DA:143,0
DA:144,0
DA:149,0
DA:157,0
DA:159,0
DA:166,0
DA:167,0
DA:176,0
DA:177,0
DA:179,0
DA:180,0
DA:182,0
DA:191,0
DA:193,0
DA:199,0
DA:200,0
DA:209,0
DA:210,0
DA:218,0
DA:219,0
DA:221,0
DA:222,0
DA:224,0
DA:230,0
DA:231,0
DA:232,0
DA:243,0
DA:244,0
DA:246,0
LF:64
LH:0
BRDA:37,0,0,0
BRDA:37,0,1,0
BRDA:37,1,0,0
BRDA:37,1,1,0
BRDA:56,2,0,0
BRDA:60,3,0,0
BRDA:60,3,1,0
BRDA:71,4,0,0
BRDA:71,4,1,0
BRDA:79,5,0,0
BRDA:79,5,1,0
BRDA:79,6,0,0
BRDA:79,6,1,0
BRDA:80,7,0,0
BRDA:80,7,1,0
BRDA:102,8,0,0
BRDA:102,8,1,0
BRDA:112,9,0,0
BRDA:112,9,1,0
BRDA:137,10,0,0
BRDA:137,10,1,0
BRDA:141,11,0,0
BRDA:141,11,1,0
BRDA:143,12,0,0
BRDA:143,12,1,0
BRDA:161,13,0,0
BRDA:161,13,1,0
BRDA:167,14,0,0
BRDA:167,14,1,0
BRDA:179,15,0,0
BRDA:179,15,1,0
BRDA:179,16,0,0
BRDA:179,16,1,0
BRDA:196,17,0,0
BRDA:196,17,1,0
BRDA:200,18,0,0
BRDA:200,18,1,0
BRDA:222,19,0,0
BRDA:222,19,1,0
BRDA:222,20,0,0
BRDA:222,20,1,0
BRF:41
BRH:0
end_of_record
TN:
SF:src/backend/utils.js
FN:24,parseMetadata
FN:45,getCleanNotes
FN:57,buildElevatedNotes
FN:59,(anonymous_3)
FN:74,include
FN:88,getWorkspaceUsers
FN:104,(anonymous_6)
FNF:7
FNH:0
FNDA:0,parseMetadata
FNDA:0,getCleanNotes
FNDA:0,buildElevatedNotes
FNDA:0,(anonymous_3)
FNDA:0,include
FNDA:0,getWorkspaceUsers
FNDA:0,(anonymous_6)
DA:3,0
DA:25,0
DA:27,0
DA:29,0
DA:30,0
DA:31,0
DA:32,0
DA:35,0
DA:36,0
DA:46,0
DA:47,0
DA:48,0
DA:58,0
DA:59,0
DA:62,0
DA:63,0
DA:65,0
DA:66,0
DA:75,0
DA:90,0
DA:92,0
DA:94,0
DA:96,0
DA:103,0
DA:104,0
DA:105,0
DA:111,0
DA:116,0
DA:117,0
DA:118,0
DA:124,0
LF:31
LH:0
BRDA:27,0,0,0
BRDA:27,0,1,0
BRDA:46,1,0,0
BRDA:46,1,1,0
BRDA:46,2,0,0
BRDA:46,2,1,0
BRDA:46,3,0,0
BRDA:46,3,1,0
BRDA:48,4,0,0
BRDA:48,4,1,0
BRDA:59,5,0,0
BRDA:59,5,1,0
BRDA:63,6,0,0
BRDA:63,6,1,0
BRDA:65,7,0,0
BRDA:65,7,1,0
BRDA:103,8,0,0
BRDA:103,8,1,0
BRF:18
BRH:0
end_of_record
TN:
SF:src/backend/webapp_handlers.js
FN:7,doGet
FN:18,getDashboardData
FN:23,(anonymous_2)
FN:50,createDashboardTask
FN:80,updateDashboardTaskStatus
FN:102,updateDashboardTaskDetails
FN:127,deleteTask
FN:139,isValidUUID
FN:148,getDashboardProjects
FN:155,createNewProject
FN:177,migrateLegacyGoogleTasks
FN:187,(anonymous_11)
FN:189,(anonymous_12)
FN:259,processCSVImport
FN:264,(anonymous_14)
FN:272,(anonymous_15)
FN:274,(anonymous_16)
FN:276,(anonymous_17)
FN:372,ensureCurrentUserProfile
FN:400,submitUserOnboarding
FN:431,getWorkspaceDirectoryEmails
FN:434,(anonymous_21)
FNF:22
FNH:0
FNDA:0,doGet
FNDA:0,getDashboardData
FNDA:0,(anonymous_2)
FNDA:0,createDashboardTask
FNDA:0,updateDashboardTaskStatus
FNDA:0,updateDashboardTaskDetails
FNDA:0,deleteTask
FNDA:0,isValidUUID
FNDA:0,getDashboardProjects
FNDA:0,createNewProject
FNDA:0,migrateLegacyGoogleTasks
FNDA:0,(anonymous_11)
FNDA:0,(anonymous_12)
FNDA:0,processCSVImport
FNDA:0,(anonymous_14)
FNDA:0,(anonymous_15)
FNDA:0,(anonymous_16)
FNDA:0,(anonymous_17)
FNDA:0,ensureCurrentUserProfile
FNDA:0,submitUserOnboarding
FNDA:0,getWorkspaceDirectoryEmails
FNDA:0,(anonymous_21)
DA:8,0
DA:9,0
DA:19,0
DA:20,0
DA:21,0
DA:23,0
DA:41,0
DA:42,0
DA:51,0
DA:52,0
DA:54,0
DA:68,0
DA:69,0
DA:71,0
DA:72,0
DA:81,0
DA:82,0
DA:84,0
DA:85,0
DA:87,0
DA:88,0
DA:91,0
DA:92,0
DA:94,0
DA:103,0
DA:104,0
DA:117,0
DA:118,0
DA:120,0
DA:128,0
DA:129,0
DA:130,0
DA:132,0
DA:140,0
DA:141,0
DA:142,0
DA:149,0
DA:156,0
DA:157,0
DA:158,0
DA:161,0
DA:166,0
DA:168,0
DA:169,0
DA:178,0
DA:179,0
DA:180,0
DA:182,0
DA:183,0
DA:185,0
DA:186,0
DA:187,0
DA:189,0
DA:190,0
DA:192,0
DA:193,0
DA:195,0
DA:196,0
DA:197,0
DA:198,0
DA:199,0
DA:201,0
DA:205,0
DA:206,0
DA:208,0
DA:209,0
DA:210,0
DA:211,0
DA:213,0
DA:214,0
DA:215,0
DA:216,0
DA:221,0
DA:223,0
DA:224,0
DA:227,0
DA:239,0
DA:240,0
DA:242,0
DA:243,0
DA:244,0
DA:245,0
DA:248,0
DA:249,0
DA:252,0
DA:254,0
DA:255,0
DA:260,0
DA:261,0
DA:262,0
DA:264,0
DA:265,0
DA:267,0
DA:268,0
DA:270,0
DA:271,0
DA:272,0
DA:274,0
DA:275,0
DA:276,0
DA:277,0
DA:281,0
DA:283,0
DA:284,0
DA:286,0
DA:288,0
DA:290,0
DA:291,0
DA:292,0
DA:293,0
DA:294,0
DA:296,0
DA:297,0
DA:298,0
DA:299,0
DA:300,0
DA:301,0
DA:303,0
DA:304,0
DA:305,0
DA:306,0
DA:307,0
DA:308,0
DA:311,0
DA:312,0
DA:313,0
DA:314,0
DA:317,0
DA:319,0
DA:320,0
DA:321,0
DA:322,0
DA:323,0
DA:325,0
DA:326,0
DA:327,0
DA:328,0
DA:333,0
DA:334,0
DA:335,0
DA:336,0
DA:339,0
DA:342,0
DA:352,0
DA:353,0
DA:356,0
DA:359,0
DA:360,0
DA:373,0
DA:374,0
DA:375,0
DA:377,0
DA:379,0
DA:380,0
DA:381,0
DA:383,0
DA:386,0
DA:388,0
DA:389,0
DA:401,0
DA:402,0
DA:404,0
DA:407,0
DA:409,0
DA:411,0
DA:415,0
DA:418,0
DA:421,0
DA:423,0
DA:424,0
DA:432,0
DA:433,0
DA:434,0
DA:436,0
DA:437,0
LF:175
LH:0
BRDA:21,0,0,0
BRDA:21,0,1,0
BRDA:26,1,0,0
BRDA:26,1,1,0
BRDA:27,2,0,0
BRDA:27,2,1,0
BRDA:29,3,0,0
BRDA:29,3,1,0
BRDA:30,4,0,0
BRDA:30,4,1,0
BRDA:31,5,0,0
BRDA:31,5,1,0
BRDA:32,6,0,0
BRDA:32,6,1,0
BRDA:33,7,0,0
BRDA:33,7,1,0
BRDA:34,8,0,0
BRDA:34,8,1,0
BRDA:35,9,0,0
BRDA:35,9,1,0
BRDA:36,10,0,0
BRDA:36,10,1,0
BRDA:37,11,0,0
BRDA:37,11,1,0
BRDA:38,12,0,0
BRDA:38,12,1,0
BRDA:55,13,0,0
BRDA:55,13,1,0
BRDA:56,14,0,0
BRDA:56,14,1,0
BRDA:58,15,0,0
BRDA:58,15,1,0
BRDA:59,16,0,0
BRDA:59,16,1,0
BRDA:60,17,0,0
BRDA:60,17,1,0
BRDA:61,18,0,0
BRDA:61,18,1,0
BRDA:62,19,0,0
BRDA:62,19,1,0
BRDA:63,20,0,0
BRDA:63,20,1,0
BRDA:64,21,0,0
BRDA:64,21,1,0
BRDA:65,22,0,0
BRDA:65,22,1,0
BRDA:84,23,0,0
BRDA:84,23,1,0
BRDA:87,24,0,0
BRDA:87,24,1,0
BRDA:107,25,0,0
BRDA:107,25,1,0
BRDA:111,26,0,0
BRDA:111,26,1,0
BRDA:112,27,0,0
BRDA:112,27,1,0
BRDA:113,28,0,0
BRDA:113,28,1,0
BRDA:114,29,0,0
BRDA:114,29,1,0
BRDA:140,30,0,0
BRDA:140,30,1,0
BRDA:157,31,0,0
BRDA:157,31,1,0
BRDA:157,32,0,0
BRDA:157,32,1,0
BRDA:163,33,0,0
BRDA:163,33,1,0
BRDA:183,34,0,0
BRDA:183,34,1,0
BRDA:185,35,0,0
BRDA:185,35,1,0
BRDA:190,36,0,0
BRDA:190,36,1,0
BRDA:190,37,0,0
BRDA:190,37,1,0
BRDA:192,38,0,0
BRDA:192,38,1,0
BRDA:195,39,0,0
BRDA:195,39,1,0
BRDA:206,40,0,0
BRDA:206,40,1,0
BRDA:208,41,0,0
BRDA:208,41,1,0
BRDA:210,42,0,0
BRDA:210,42,1,0
BRDA:214,43,0,0
BRDA:214,43,1,0
BRDA:221,44,0,0
BRDA:221,44,1,0
BRDA:223,45,0,0
BRDA:223,45,1,0
BRDA:232,46,0,0
BRDA:232,46,1,0
BRDA:232,47,0,0
BRDA:232,47,1,0
BRDA:233,48,0,0
BRDA:233,48,1,0
BRDA:234,49,0,0
BRDA:234,49,1,0
BRDA:239,50,0,0
BRDA:239,50,1,0
BRDA:239,51,0,0
BRDA:239,51,1,0
BRDA:242,52,0,0
BRDA:242,52,1,0
BRDA:242,53,0,0
BRDA:242,53,1,0
BRDA:244,54,0,0
BRDA:244,54,1,0
BRDA:262,55,0,0
BRDA:262,55,1,0
BRDA:270,56,0,0
BRDA:270,56,1,0
BRDA:290,57,0,0
BRDA:290,57,1,0
BRDA:291,58,0,0
BRDA:291,58,1,0
BRDA:292,59,0,0
BRDA:292,59,1,0
BRDA:293,60,0,0
BRDA:293,60,1,0
BRDA:294,61,0,0
BRDA:294,61,1,0
BRDA:294,61,2,0
BRDA:296,62,0,0
BRDA:296,62,1,0
BRDA:297,63,0,0
BRDA:297,63,1,0
BRDA:298,64,0,0
BRDA:298,64,1,0
BRDA:299,65,0,0
BRDA:299,65,1,0
BRDA:300,66,0,0
BRDA:300,66,1,0
BRDA:301,67,0,0
BRDA:301,67,1,0
BRDA:301,67,2,0
BRDA:303,68,0,0
BRDA:303,68,1,0
BRDA:304,69,0,0
BRDA:304,69,1,0
BRDA:305,70,0,0
BRDA:305,70,1,0
BRDA:306,71,0,0
BRDA:306,71,1,0
BRDA:307,72,0,0
BRDA:307,72,1,0
BRDA:307,73,0,0
BRDA:307,73,1,0
BRDA:308,74,0,0
BRDA:308,74,1,0
BRDA:311,75,0,0
BRDA:311,75,1,0
BRDA:311,75,2,0
BRDA:311,75,3,0
BRDA:312,76,0,0
BRDA:312,76,1,0
BRDA:312,76,2,0
BRDA:313,77,0,0
BRDA:313,77,1,0
BRDA:314,78,0,0
BRDA:314,78,1,0
BRDA:314,78,2,0
BRDA:317,79,0,0
BRDA:317,79,1,0
BRDA:317,80,0,0
BRDA:317,80,1,0
BRDA:320,81,0,0
BRDA:320,81,1,0
BRDA:320,82,0,0
BRDA:320,82,1,0
BRDA:322,83,0,0
BRDA:322,83,1,0
BRDA:326,84,0,0
BRDA:326,84,1,0
BRDA:333,85,0,0
BRDA:333,85,1,0
BRDA:333,86,0,0
BRDA:333,86,1,0
BRDA:335,87,0,0
BRDA:335,87,1,0
BRDA:379,88,0,0
BRDA:379,88,1,0
BRDA:383,89,0,0
BRDA:383,89,1,0
BRDA:402,90,0,0
BRDA:402,90,1,0
BRDA:402,91,0,0
BRDA:402,91,1,0
BRDA:409,92,0,0
BRDA:409,92,1,0
BRDA:413,93,0,0
BRDA:413,93,1,0
BRDA:418,94,0,0
BRDA:418,94,1,0
BRF:196
BRH:0
end_of_record
